This is pdfTeX, Version 3.1415926-2.5-1.40.14 (TeX Live 2013/Debian) (format=pdflatex 2016.7.4)  2 AUG 2016 12:37
entering extended mode
 restricted \write18 enabled.
 %&-line parsing enabled.
**thesis.tex
(./thesis.tex
LaTeX2e <2011/06/27>
Babel <3.9h> and hyphenation patterns for 78 languages loaded.
(/usr/share/texlive/texmf-dist/tex/latex/base/book.cls
Document Class: book 2007/10/19 v1.4h Standard LaTeX document class
(/usr/share/texlive/texmf-dist/tex/latex/base/bk12.clo
File: bk12.clo 2007/10/19 v1.4h Standard LaTeX file (size option)
)
\c@part=\count79
\c@chapter=\count80
\c@section=\count81
\c@subsection=\count82
\c@subsubsection=\count83
\c@paragraph=\count84
\c@subparagraph=\count85
\c@figure=\count86
\c@table=\count87
\abovecaptionskip=\skip41
\belowcaptionskip=\skip42
\bibindent=\dimen102
)
(/usr/share/texlive/texmf-dist/tex/latex/base/inputenc.sty
Package: inputenc 2008/03/30 v1.1d Input encoding file
\inpenc@prehook=\toks14
\inpenc@posthook=\toks15

(/usr/share/texlive/texmf-dist/tex/latex/base/utf8.def
File: utf8.def 2008/04/05 v1.1m UTF-8 support for inputenc
Now handling font encoding OML ...
... no UTF-8 mapping file for font encoding OML
Now handling font encoding T1 ...
... processing UTF-8 mapping file for font encoding T1

(/usr/share/texlive/texmf-dist/tex/latex/base/t1enc.dfu
File: t1enc.dfu 2008/04/05 v1.1m UTF-8 support for inputenc
   defining Unicode char U+00A1 (decimal 161)
   defining Unicode char U+00A3 (decimal 163)
   defining Unicode char U+00AB (decimal 171)
   defining Unicode char U+00BB (decimal 187)
   defining Unicode char U+00BF (decimal 191)
   defining Unicode char U+00C0 (decimal 192)
   defining Unicode char U+00C1 (decimal 193)
   defining Unicode char U+00C2 (decimal 194)
   defining Unicode char U+00C3 (decimal 195)
   defining Unicode char U+00C4 (decimal 196)
   defining Unicode char U+00C5 (decimal 197)
   defining Unicode char U+00C6 (decimal 198)
   defining Unicode char U+00C7 (decimal 199)
   defining Unicode char U+00C8 (decimal 200)
   defining Unicode char U+00C9 (decimal 201)
   defining Unicode char U+00CA (decimal 202)
   defining Unicode char U+00CB (decimal 203)
   defining Unicode char U+00CC (decimal 204)
   defining Unicode char U+00CD (decimal 205)
   defining Unicode char U+00CE (decimal 206)
   defining Unicode char U+00CF (decimal 207)
   defining Unicode char U+00D0 (decimal 208)
   defining Unicode char U+00D1 (decimal 209)
   defining Unicode char U+00D2 (decimal 210)
   defining Unicode char U+00D3 (decimal 211)
   defining Unicode char U+00D4 (decimal 212)
   defining Unicode char U+00D5 (decimal 213)
   defining Unicode char U+00D6 (decimal 214)
   defining Unicode char U+00D8 (decimal 216)
   defining Unicode char U+00D9 (decimal 217)
   defining Unicode char U+00DA (decimal 218)
   defining Unicode char U+00DB (decimal 219)
   defining Unicode char U+00DC (decimal 220)
   defining Unicode char U+00DD (decimal 221)
   defining Unicode char U+00DE (decimal 222)
   defining Unicode char U+00DF (decimal 223)
   defining Unicode char U+00E0 (decimal 224)
   defining Unicode char U+00E1 (decimal 225)
   defining Unicode char U+00E2 (decimal 226)
   defining Unicode char U+00E3 (decimal 227)
   defining Unicode char U+00E4 (decimal 228)
   defining Unicode char U+00E5 (decimal 229)
   defining Unicode char U+00E6 (decimal 230)
   defining Unicode char U+00E7 (decimal 231)
   defining Unicode char U+00E8 (decimal 232)
   defining Unicode char U+00E9 (decimal 233)
   defining Unicode char U+00EA (decimal 234)
   defining Unicode char U+00EB (decimal 235)
   defining Unicode char U+00EC (decimal 236)
   defining Unicode char U+00ED (decimal 237)
   defining Unicode char U+00EE (decimal 238)
   defining Unicode char U+00EF (decimal 239)
   defining Unicode char U+00F0 (decimal 240)
   defining Unicode char U+00F1 (decimal 241)
   defining Unicode char U+00F2 (decimal 242)
   defining Unicode char U+00F3 (decimal 243)
   defining Unicode char U+00F4 (decimal 244)
   defining Unicode char U+00F5 (decimal 245)
   defining Unicode char U+00F6 (decimal 246)
   defining Unicode char U+00F8 (decimal 248)
   defining Unicode char U+00F9 (decimal 249)
   defining Unicode char U+00FA (decimal 250)
   defining Unicode char U+00FB (decimal 251)
   defining Unicode char U+00FC (decimal 252)
   defining Unicode char U+00FD (decimal 253)
   defining Unicode char U+00FE (decimal 254)
   defining Unicode char U+00FF (decimal 255)
   defining Unicode char U+0102 (decimal 258)
   defining Unicode char U+0103 (decimal 259)
   defining Unicode char U+0104 (decimal 260)
   defining Unicode char U+0105 (decimal 261)
   defining Unicode char U+0106 (decimal 262)
   defining Unicode char U+0107 (decimal 263)
   defining Unicode char U+010C (decimal 268)
   defining Unicode char U+010D (decimal 269)
   defining Unicode char U+010E (decimal 270)
   defining Unicode char U+010F (decimal 271)
   defining Unicode char U+0110 (decimal 272)
   defining Unicode char U+0111 (decimal 273)
   defining Unicode char U+0118 (decimal 280)
   defining Unicode char U+0119 (decimal 281)
   defining Unicode char U+011A (decimal 282)
   defining Unicode char U+011B (decimal 283)
   defining Unicode char U+011E (decimal 286)
   defining Unicode char U+011F (decimal 287)
   defining Unicode char U+0130 (decimal 304)
   defining Unicode char U+0131 (decimal 305)
   defining Unicode char U+0132 (decimal 306)
   defining Unicode char U+0133 (decimal 307)
   defining Unicode char U+0139 (decimal 313)
   defining Unicode char U+013A (decimal 314)
   defining Unicode char U+013D (decimal 317)
   defining Unicode char U+013E (decimal 318)
   defining Unicode char U+0141 (decimal 321)
   defining Unicode char U+0142 (decimal 322)
   defining Unicode char U+0143 (decimal 323)
   defining Unicode char U+0144 (decimal 324)
   defining Unicode char U+0147 (decimal 327)
   defining Unicode char U+0148 (decimal 328)
   defining Unicode char U+014A (decimal 330)
   defining Unicode char U+014B (decimal 331)
   defining Unicode char U+0150 (decimal 336)
   defining Unicode char U+0151 (decimal 337)
   defining Unicode char U+0152 (decimal 338)
   defining Unicode char U+0153 (decimal 339)
   defining Unicode char U+0154 (decimal 340)
   defining Unicode char U+0155 (decimal 341)
   defining Unicode char U+0158 (decimal 344)
   defining Unicode char U+0159 (decimal 345)
   defining Unicode char U+015A (decimal 346)
   defining Unicode char U+015B (decimal 347)
   defining Unicode char U+015E (decimal 350)
   defining Unicode char U+015F (decimal 351)
   defining Unicode char U+0160 (decimal 352)
   defining Unicode char U+0161 (decimal 353)
   defining Unicode char U+0162 (decimal 354)
   defining Unicode char U+0163 (decimal 355)
   defining Unicode char U+0164 (decimal 356)
   defining Unicode char U+0165 (decimal 357)
   defining Unicode char U+016E (decimal 366)
   defining Unicode char U+016F (decimal 367)
   defining Unicode char U+0170 (decimal 368)
   defining Unicode char U+0171 (decimal 369)
   defining Unicode char U+0178 (decimal 376)
   defining Unicode char U+0179 (decimal 377)
   defining Unicode char U+017A (decimal 378)
   defining Unicode char U+017B (decimal 379)
   defining Unicode char U+017C (decimal 380)
   defining Unicode char U+017D (decimal 381)
   defining Unicode char U+017E (decimal 382)
   defining Unicode char U+200C (decimal 8204)
   defining Unicode char U+2013 (decimal 8211)
   defining Unicode char U+2014 (decimal 8212)
   defining Unicode char U+2018 (decimal 8216)
   defining Unicode char U+2019 (decimal 8217)
   defining Unicode char U+201A (decimal 8218)
   defining Unicode char U+201C (decimal 8220)
   defining Unicode char U+201D (decimal 8221)
   defining Unicode char U+201E (decimal 8222)
   defining Unicode char U+2030 (decimal 8240)
   defining Unicode char U+2031 (decimal 8241)
   defining Unicode char U+2039 (decimal 8249)
   defining Unicode char U+203A (decimal 8250)
   defining Unicode char U+2423 (decimal 9251)
)
Now handling font encoding OT1 ...
... processing UTF-8 mapping file for font encoding OT1

(/usr/share/texlive/texmf-dist/tex/latex/base/ot1enc.dfu
File: ot1enc.dfu 2008/04/05 v1.1m UTF-8 support for inputenc
   defining Unicode char U+00A1 (decimal 161)
   defining Unicode char U+00A3 (decimal 163)
   defining Unicode char U+00B8 (decimal 184)
   defining Unicode char U+00BF (decimal 191)
   defining Unicode char U+00C5 (decimal 197)
   defining Unicode char U+00C6 (decimal 198)
   defining Unicode char U+00D8 (decimal 216)
   defining Unicode char U+00DF (decimal 223)
   defining Unicode char U+00E6 (decimal 230)
   defining Unicode char U+00EC (decimal 236)
   defining Unicode char U+00ED (decimal 237)
   defining Unicode char U+00EE (decimal 238)
   defining Unicode char U+00EF (decimal 239)
   defining Unicode char U+00F8 (decimal 248)
   defining Unicode char U+0131 (decimal 305)
   defining Unicode char U+0141 (decimal 321)
   defining Unicode char U+0142 (decimal 322)
   defining Unicode char U+0152 (decimal 338)
   defining Unicode char U+0153 (decimal 339)
   defining Unicode char U+2013 (decimal 8211)
   defining Unicode char U+2014 (decimal 8212)
   defining Unicode char U+2018 (decimal 8216)
   defining Unicode char U+2019 (decimal 8217)
   defining Unicode char U+201C (decimal 8220)
   defining Unicode char U+201D (decimal 8221)
)
Now handling font encoding OMS ...
... processing UTF-8 mapping file for font encoding OMS

(/usr/share/texlive/texmf-dist/tex/latex/base/omsenc.dfu
File: omsenc.dfu 2008/04/05 v1.1m UTF-8 support for inputenc
   defining Unicode char U+00A7 (decimal 167)
   defining Unicode char U+00B6 (decimal 182)
   defining Unicode char U+00B7 (decimal 183)
   defining Unicode char U+2020 (decimal 8224)
   defining Unicode char U+2021 (decimal 8225)
   defining Unicode char U+2022 (decimal 8226)
)
Now handling font encoding OMX ...
... no UTF-8 mapping file for font encoding OMX
Now handling font encoding U ...
... no UTF-8 mapping file for font encoding U
   defining Unicode char U+00A9 (decimal 169)
   defining Unicode char U+00AA (decimal 170)
   defining Unicode char U+00AE (decimal 174)
   defining Unicode char U+00BA (decimal 186)
   defining Unicode char U+02C6 (decimal 710)
   defining Unicode char U+02DC (decimal 732)
   defining Unicode char U+200C (decimal 8204)
   defining Unicode char U+2026 (decimal 8230)
   defining Unicode char U+2122 (decimal 8482)
   defining Unicode char U+2423 (decimal 9251)
))
(/usr/share/texlive/texmf-dist/tex/latex/base/fontenc.sty
Package: fontenc 2005/09/27 v1.99g Standard LaTeX package

(/usr/share/texlive/texmf-dist/tex/latex/base/t1enc.def
File: t1enc.def 2005/09/27 v1.99g Standard LaTeX file
LaTeX Font Info:    Redeclaring font encoding T1 on input line 43.
))
(/usr/share/texlive/texmf-dist/tex/latex/fancyhdr/fancyhdr.sty
\fancy@headwidth=\skip43
\f@ncyO@elh=\skip44
\f@ncyO@erh=\skip45
\f@ncyO@olh=\skip46
\f@ncyO@orh=\skip47
\f@ncyO@elf=\skip48
\f@ncyO@erf=\skip49
\f@ncyO@olf=\skip50
\f@ncyO@orf=\skip51
)
(/usr/share/texlive/texmf-dist/tex/latex/graphics/graphicx.sty
Package: graphicx 1999/02/16 v1.0f Enhanced LaTeX Graphics (DPC,SPQR)

(/usr/share/texlive/texmf-dist/tex/latex/graphics/keyval.sty
Package: keyval 1999/03/16 v1.13 key=value parser (DPC)
\KV@toks@=\toks16
)
(/usr/share/texlive/texmf-dist/tex/latex/graphics/graphics.sty
Package: graphics 2009/02/05 v1.0o Standard LaTeX Graphics (DPC,SPQR)

(/usr/share/texlive/texmf-dist/tex/latex/graphics/trig.sty
Package: trig 1999/03/16 v1.09 sin cos tan (DPC)
)
(/usr/share/texlive/texmf-dist/tex/latex/latexconfig/graphics.cfg
File: graphics.cfg 2010/04/23 v1.9 graphics configuration of TeX Live
)
Package graphics Info: Driver file: pdftex.def on input line 91.

(/usr/share/texlive/texmf-dist/tex/latex/pdftex-def/pdftex.def
File: pdftex.def 2011/05/27 v0.06d Graphics/color for pdfTeX

(/usr/share/texlive/texmf-dist/tex/generic/oberdiek/infwarerr.sty
Package: infwarerr 2010/04/08 v1.3 Providing info/warning/error messages (HO)
)
(/usr/share/texlive/texmf-dist/tex/generic/oberdiek/ltxcmds.sty
Package: ltxcmds 2011/11/09 v1.22 LaTeX kernel commands for general use (HO)
)
\Gread@gobject=\count88
))
\Gin@req@height=\dimen103
\Gin@req@width=\dimen104
)
(/usr/share/texlive/texmf-dist/tex/latex/pdfpages/pdfpages.sty
Package: pdfpages 2013/08/25 v0.4v Insert pages of external PDF documents (AM)

(/usr/share/texlive/texmf-dist/tex/latex/base/ifthen.sty
Package: ifthen 2001/05/26 v1.1c Standard LaTeX ifthen package (DPC)
)
(/usr/share/texlive/texmf-dist/tex/latex/tools/calc.sty
Package: calc 2007/08/22 v4.3 Infix arithmetic (KKT,FJ)
\calc@Acount=\count89
\calc@Bcount=\count90
\calc@Adimen=\dimen105
\calc@Bdimen=\dimen106
\calc@Askip=\skip52
\calc@Bskip=\skip53
LaTeX Info: Redefining \setlength on input line 76.
LaTeX Info: Redefining \addtolength on input line 77.
\calc@Ccount=\count91
\calc@Cskip=\skip54
)
(/usr/share/texlive/texmf-dist/tex/latex/eso-pic/eso-pic.sty
Package: eso-pic 2013/10/06 v2.0d eso-pic (RN)

(/usr/share/texlive/texmf-dist/tex/generic/oberdiek/atbegshi.sty
Package: atbegshi 2011/10/05 v1.16 At begin shipout hook (HO)

(/usr/share/texlive/texmf-dist/tex/generic/oberdiek/ifpdf.sty
Package: ifpdf 2011/01/30 v2.3 Provides the ifpdf switch (HO)
Package ifpdf Info: pdfTeX in PDF mode is detected.
))
(/usr/share/texmf/tex/latex/xcolor/xcolor.sty
Package: xcolor 2007/01/21 v2.11 LaTeX color extensions (UK)

(/usr/share/texlive/texmf-dist/tex/latex/latexconfig/color.cfg
File: color.cfg 2007/01/18 v1.5 color configuration of teTeX/TeXLive
)
Package xcolor Info: Driver file: pdftex.def on input line 225.
Package xcolor Info: Model `cmy' substituted by `cmy0' on input line 1337.
Package xcolor Info: Model `hsb' substituted by `rgb' on input line 1341.
Package xcolor Info: Model `RGB' extended on input line 1353.
Package xcolor Info: Model `HTML' substituted by `rgb' on input line 1355.
Package xcolor Info: Model `Hsb' substituted by `hsb' on input line 1356.
Package xcolor Info: Model `tHsb' substituted by `hsb' on input line 1357.
Package xcolor Info: Model `HSB' substituted by `hsb' on input line 1358.
Package xcolor Info: Model `Gray' substituted by `gray' on input line 1359.
Package xcolor Info: Model `wave' substituted by `hsb' on input line 1360.
))
(/usr/share/texlive/texmf-dist/tex/latex/pdfpages/pppdftex.def
File: pppdftex.def 2013/08/25 v0.4v Pdfpages driver for pdfTeX (AM)
)
\AM@pagebox=\box26
\AM@toc@title=\toks17
\c@AM@survey=\count92
\AM@templatesizebox=\box27
)
(/usr/share/texlive/texmf-dist/tex/latex/multirow/multirow.sty
\bigstrutjot=\dimen107
)
(/usr/share/texlive/texmf-dist/tex/latex/ucs/ucs.sty
Package: ucs 2013/05/11 v2.2 UCS: Unicode input support

(/usr/share/texlive/texmf-dist/tex/latex/ucs/data/uni-global.def
File: uni-global.def 2013/05/13 UCS: Unicode global data
)
\uc@secondtry=\count93
\uc@combtoks=\toks18
\uc@combtoksb=\toks19
\uc@temptokena=\toks20
)
(/usr/share/texlive/texmf-dist/tex/latex/amsmath/amsmath.sty
Package: amsmath 2013/01/14 v2.14 AMS math features
\@mathmargin=\skip55

For additional information on amsmath, use the `?' option.
(/usr/share/texlive/texmf-dist/tex/latex/amsmath/amstext.sty
Package: amstext 2000/06/29 v2.01

(/usr/share/texlive/texmf-dist/tex/latex/amsmath/amsgen.sty
File: amsgen.sty 1999/11/30 v2.0
\@emptytoks=\toks21
\ex@=\dimen108
))
(/usr/share/texlive/texmf-dist/tex/latex/amsmath/amsbsy.sty
Package: amsbsy 1999/11/29 v1.2d
\pmbraise@=\dimen109
)
(/usr/share/texlive/texmf-dist/tex/latex/amsmath/amsopn.sty
Package: amsopn 1999/12/14 v2.01 operator names
)
\inf@bad=\count94
LaTeX Info: Redefining \frac on input line 210.
\uproot@=\count95
\leftroot@=\count96
LaTeX Info: Redefining \overline on input line 306.
\classnum@=\count97
\DOTSCASE@=\count98
LaTeX Info: Redefining \ldots on input line 378.
LaTeX Info: Redefining \dots on input line 381.
LaTeX Info: Redefining \cdots on input line 466.
\Mathstrutbox@=\box28
\strutbox@=\box29
\big@size=\dimen110
LaTeX Font Info:    Redeclaring font encoding OML on input line 566.
LaTeX Font Info:    Redeclaring font encoding OMS on input line 567.
\macc@depth=\count99
\c@MaxMatrixCols=\count100
\dotsspace@=\muskip10
\c@parentequation=\count101
\dspbrk@lvl=\count102
\tag@help=\toks22
\row@=\count103
\column@=\count104
\maxfields@=\count105
\andhelp@=\toks23
\eqnshift@=\dimen111
\alignsep@=\dimen112
\tagshift@=\dimen113
\tagwidth@=\dimen114
\totwidth@=\dimen115
\lineht@=\dimen116
\@envbody=\toks24
\multlinegap=\skip56
\multlinetaggap=\skip57
\mathdisplay@stack=\toks25
LaTeX Info: Redefining \[ on input line 2665.
LaTeX Info: Redefining \] on input line 2666.
)
(/usr/share/texlive/texmf-dist/tex/latex/amscls/amsthm.sty
Package: amsthm 2004/08/06 v2.20
\thm@style=\toks26
\thm@bodyfont=\toks27
\thm@headfont=\toks28
\thm@notefont=\toks29
\thm@headpunct=\toks30
\thm@preskip=\skip58
\thm@postskip=\skip59
\thm@headsep=\skip60
\dth@everypar=\toks31
)
(/usr/share/texlive/texmf-dist/tex/latex/amsfonts/amssymb.sty
Package: amssymb 2013/01/14 v3.01 AMS font symbols

(/usr/share/texlive/texmf-dist/tex/latex/amsfonts/amsfonts.sty
Package: amsfonts 2013/01/14 v3.01 Basic AMSFonts support
\symAMSa=\mathgroup4
\symAMSb=\mathgroup5
LaTeX Font Info:    Overwriting math alphabet `\mathfrak' in version `bold'
(Font)                  U/euf/m/n --> U/euf/b/n on input line 106.
))
(/usr/share/texlive/texmf-dist/tex/latex/blindtext/blindtext.sty
Package: blindtext 2012/01/06 V2.0 blindtext-Package

(/usr/share/texlive/texmf-dist/tex/latex/tools/xspace.sty
Package: xspace 2009/10/20 v1.13 Space after command names (DPC,MH)
)
\c@blindtext=\count106
\c@Blindtext=\count107
\c@blind@countparstart=\count108
\blind@countxx=\count109
\blindtext@numBlindtext=\count110
\blind@countyy=\count111
\c@blindlist=\count112
\c@blindlistlevel=\count113
\c@blindlist@level=\count114
\blind@listitem=\count115
\c@blind@listcount=\count116
\c@blind@levelcount=\count117
\blind@mathformula=\count118
\blind@Mathformula=\count119
\c@blind@randomcount=\count120
\c@blind@randommax=\count121
\c@blind@pangramcount=\count122
\c@blind@pangrammax=\count123
)
(/usr/share/texlive/texmf-dist/tex/latex/url/url.sty
\Urlmuskip=\muskip11
Package: url 2013/09/16  ver 3.4  Verb mode for urls, etc.
)
(/usr/share/texlive/texmf-dist/tex/latex/float/float.sty
Package: float 2001/11/08 v1.3d Float enhancements (AL)
\c@float@type=\count124
\float@exts=\toks32
\float@box=\box30
\@float@everytoks=\toks33
\@floatcapt=\box31
)
(/usr/share/texlive/texmf-dist/tex/latex/koma-script/scrextend.sty
Package: scrextend 2013/12/19 v3.12 KOMA-Script KOMA-Script package (extend oth
er classes with features of KOMA-Script classes)

(/usr/share/texlive/texmf-dist/tex/latex/koma-script/scrkbase.sty
Package: scrkbase 2013/12/19 v3.12 KOMA-Script package (KOMA-Script-dependent b
asics and keyval usage)

(/usr/share/texlive/texmf-dist/tex/latex/koma-script/scrbase.sty
Package: scrbase 2013/12/19 v3.12 KOMA-Script package (KOMA-Script-independent 
basics and keyval usage)

(/usr/share/texlive/texmf-dist/tex/latex/koma-script/scrlfile.sty
Package: scrlfile 2013/12/19 v3.12 KOMA-Script package (loading files)

Package scrlfile, 2013/12/19 v3.12 KOMA-Script package (loading files)
                  Copyright (C) Markus Kohm

)))) (/usr/share/texlive/texmf-dist/tex/latex/glossaries/base/glossaries.sty
Package: glossaries 2014/01/20 v4.03 (NLCT)

(/usr/share/texlive/texmf-dist/tex/latex/xkeyval/xkeyval.sty
Package: xkeyval 2012/10/14 v2.6b package option processing (HA)

(/usr/share/texlive/texmf-dist/tex/generic/xkeyval/xkeyval.tex
\XKV@toks=\toks34
\XKV@tempa@toks=\toks35
\XKV@depth=\count125
File: xkeyval.tex 2012/10/14 v2.6b key=value parser (HA)
))
(/usr/share/texlive/texmf-dist/tex/latex/glossaries/base/mfirstuc.sty
Package: mfirstuc 2013/11/04 v1.08 (NLCT)

(/usr/share/texlive/texmf-dist/tex/latex/etoolbox/etoolbox.sty
Package: etoolbox 2011/01/03 v2.1 e-TeX tools for LaTeX

(/usr/share/texlive/texmf-dist/tex/latex/etex-pkg/etex.sty
Package: etex 1998/03/26 v2.0 eTeX basic definition package (PEB)
\et@xins=\count126
)
\etb@tempcnta=\count127
)
\@glsmfirst=\toks36
\@glsmrest=\toks37
)
(/usr/share/texlive/texmf-dist/tex/latex/textcase/textcase.sty
Package: textcase 2004/10/07 v0.07 Text only upper/lower case changing (DPC)
)
(/usr/share/texlive/texmf-dist/tex/latex/xfor/xfor.sty
Package: xfor 2009/02/05 v1.05 (NLCT)
)
(/usr/share/texlive/texmf-dist/tex/latex/datatool/datatool-base.sty
Package: datatool-base 2013/09/06 v2.18 (NLCT)

(/usr/share/texlive/texmf-dist/tex/latex/substr/substr.sty
Package: substr 2009/10/20 v1.2 Handle substrings
\c@su@anzahl=\count128
)
(/usr/share/texlive/texmf-dist/tex/latex/datatool/datatool-fp.sty
Package: datatool-fp 2013/08/29 v2.17 (NLCT)

(/usr/share/texlive/texmf-dist/tex/latex/fp/fp.sty
Package: fp 1995/04/02

`Fixed Point Package', Version 0.8, April 2, 1995 (C) Michael Mehlich
(/usr/share/texlive/texmf-dist/tex/latex/fp/defpattern.sty
Package: defpattern 1994/10/12
\actioncount=\count129
)
(/usr/share/texlive/texmf-dist/tex/latex/fp/fp-basic.sty
Package: fp-basic 1996/05/13
\FP@xs=\count130
\FP@xia=\count131
\FP@xib=\count132
\FP@xfa=\count133
\FP@xfb=\count134
\FP@rega=\count135
\FP@regb=\count136
\FP@regs=\count137
\FP@times=\count138
)
(/usr/share/texlive/texmf-dist/tex/latex/fp/fp-addons.sty
Package: fp-addons 1995/03/15
)
(/usr/share/texlive/texmf-dist/tex/latex/fp/fp-snap.sty
Package: fp-snap 1995/04/05
)
(/usr/share/texlive/texmf-dist/tex/latex/fp/fp-exp.sty
Package: fp-exp 1995/04/03
)
(/usr/share/texlive/texmf-dist/tex/latex/fp/fp-trigo.sty
Package: fp-trigo 1995/04/14
)
(/usr/share/texlive/texmf-dist/tex/latex/fp/fp-pas.sty
Package: fp-pas 1994/08/29
)
(/usr/share/texlive/texmf-dist/tex/latex/fp/fp-random.sty
Package: fp-random 1995/02/23
\FPseed=\count139
)
(/usr/share/texlive/texmf-dist/tex/latex/fp/fp-eqn.sty
Package: fp-eqn 1995/04/03
)
(/usr/share/texlive/texmf-dist/tex/latex/fp/fp-upn.sty
Package: fp-upn 1996/10/21
)
(/usr/share/texlive/texmf-dist/tex/latex/fp/fp-eval.sty
Package: fp-eval 1995/04/03
)))
\@dtl@toks=\toks38
\@dtl@tmpcount=\count140
\dtl@tmplength=\skip61
\dtl@sortresult=\count141
\@dtl@numgrpsepcount=\count142
\@dtl@datatype=\count143
\dtl@codeA=\count144
\dtl@codeB=\count145
\@dtl@foreach@level=\count146
)
(/usr/share/texlive/texmf-dist/tex/latex/glossaries/base/glossaries-compatible-
307.sty
Package: glossaries-compatible-307 2013/11/14 v4.0 (NLCT)
)
\gls@level=\count147
\@gls@tmpb=\toks39
\gls@tmplen=\skip62
\glswrite=\write3
\glskeylisttok=\toks40
\glslabeltok=\toks41
\glsshorttok=\toks42
\glslongtok=\toks43

(/usr/share/texlive/texmf-dist/tex/latex/glossaries/styles/glossary-hypernav.st
y
Package: glossary-hypernav 2013/11/14 v4.0 (NLCT)
) (/usr/share/texlive/texmf-dist/tex/latex/glossaries/styles/glossary-list.sty
Package: glossary-list 2013/11/14 v4.0 (NLCT)
\glslistdottedwidth=\skip63
) (/usr/share/texlive/texmf-dist/tex/latex/glossaries/styles/glossary-long.sty
Package: glossary-long 2013/11/14 v4.0 (NLCT)

(/usr/share/texlive/texmf-dist/tex/latex/tools/longtable.sty
Package: longtable 2004/02/01 v4.11 Multi-page Table package (DPC)
\LTleft=\skip64
\LTright=\skip65
\LTpre=\skip66
\LTpost=\skip67
\LTchunksize=\count148
\LTcapwidth=\dimen117
\LT@head=\box32
\LT@firsthead=\box33
\LT@foot=\box34
\LT@lastfoot=\box35
\LT@cols=\count149
\LT@rows=\count150
\c@LT@tables=\count151
\c@LT@chunks=\count152
\LT@p@ftn=\toks44
)
\glsdescwidth=\skip68
\glspagelistwidth=\skip69
)
(/usr/share/texlive/texmf-dist/tex/latex/glossaries/styles/glossary-super.sty
Package: glossary-super 2013/11/14 v4.0 (NLCT)

(/usr/share/texlive/texmf-dist/tex/latex/supertabular/supertabular.sty
Package: supertabular 2004/02/20 v4.1e the supertabular environment
\c@tracingst=\count153
\ST@wd=\dimen118
\ST@rightskip=\skip70
\ST@leftskip=\skip71
\ST@parfillskip=\skip72
\ST@pageleft=\dimen119
\ST@headht=\dimen120
\ST@tailht=\dimen121
\ST@pagesofar=\dimen122
\ST@pboxht=\dimen123
\ST@lineht=\dimen124
\ST@stretchht=\dimen125
\ST@prevht=\dimen126
\ST@toadd=\dimen127
\ST@dimen=\dimen128
\ST@pbox=\box36
))
(/usr/share/texlive/texmf-dist/tex/latex/glossaries/styles/glossary-tree.sty
Package: glossary-tree 2013/11/14 v4.0 (NLCT)
\glstreeindent=\skip73
))
(/usr/share/texlive/texmf-dist/tex/latex/algorithmicx/algpseudocode.sty
Package: algpseudocode 

(/usr/share/texlive/texmf-dist/tex/latex/algorithmicx/algorithmicx.sty
Package: algorithmicx 2005/04/27 v1.2 Algorithmicx

Document Style algorithmicx 1.2 - a greatly improved `algorithmic' style
\c@ALG@line=\count154
\c@ALG@rem=\count155
\c@ALG@nested=\count156
\ALG@tlm=\skip74
\ALG@thistlm=\skip75
\c@ALG@Lnr=\count157
\c@ALG@blocknr=\count158
\c@ALG@storecount=\count159
\c@ALG@tmpcounter=\count160
\ALG@tmplength=\skip76
)
Document Style - pseudocode environments for use with the `algorithmicx' style
) (/usr/share/texlive/texmf-dist/tex/latex/fancyvrb/fancyvrb.sty
Package: fancyvrb 2008/02/07

Style option: `fancyvrb' v2.7a, with DG/SPQR fixes, and firstline=lastline fix 
<2008/02/07> (tvz)
\FV@CodeLineNo=\count161
\FV@InFile=\read1
\FV@TabBox=\box37
\c@FancyVerbLine=\count162
\FV@StepNumber=\count163
\FV@OutFile=\write4
)
(/usr/share/texlive/texmf-dist/tex/latex/datetime/datetime.sty
Package: datetime 2013/09/10 v2.59 Date Time Package

(/usr/share/texlive/texmf-dist/tex/latex/fmtcount/fmtcount.sty
Package: fmtcount 2013/08/17 v2.03

(/usr/share/texlive/texmf-dist/tex/latex/fmtcount/fcprefix.sty
Package: fcprefix 2012/09/28

(/usr/share/texlive/texmf-dist/tex/latex/fmtcount/fcnumparser.sty
Package: fcnumparser 2012/09/28
\fc@digit@counter=\count164
))
\c@padzeroesN=\count165
\fc@tmpcatcode=\count166
\@DT@modctr=\count167
\@ordinalctr=\count168
\@orgargctr=\count169
\@strctr=\count170
\@tmpstrctr=\count171
\@DT@loopN=\count172
\@DT@X=\count173

(/usr/share/texlive/texmf-dist/tex/latex/fmtcount/fc-english.def
File: fc-english.def 2013/08/17
))
(/usr/share/texlive/texmf-dist/tex/latex/datetime/datetime-defaults.sty
Package: datetime-defaults 2013/09/10
)
\@day=\count174
\@month=\count175
\@year=\count176
\c@HOUR=\count177
\c@HOURXII=\count178
\c@MINUTE=\count179
\c@TOHOUR=\count180
\c@TOMINUTE=\count181
\c@SECOND=\count182
\currenthour=\count183
\currentminute=\count184
\currentsecond=\count185
Package datetime Info: No datetime.cfg file found, using default settings on in
put line 308.
\@dtctr=\count186
\dayofyear=\count187
\dayofweek=\count188
LaTeX Info: Redefining \today on input line 736.
\dt@a=\toks45
\dt@b=\toks46
)
(/usr/share/texlive/texmf-dist/tex/latex/hyperref/hyperref.sty
Package: hyperref 2012/11/06 v6.83m Hypertext links for LaTeX

(/usr/share/texlive/texmf-dist/tex/generic/oberdiek/hobsub-hyperref.sty
Package: hobsub-hyperref 2012/05/28 v1.13 Bundle oberdiek, subset hyperref (HO)


(/usr/share/texlive/texmf-dist/tex/generic/oberdiek/hobsub-generic.sty
Package: hobsub-generic 2012/05/28 v1.13 Bundle oberdiek, subset generic (HO)
Package: hobsub 2012/05/28 v1.13 Construct package bundles (HO)
Package hobsub Info: Skipping package `infwarerr' (already loaded).
Package hobsub Info: Skipping package `ltxcmds' (already loaded).
Package: ifluatex 2010/03/01 v1.3 Provides the ifluatex switch (HO)
Package ifluatex Info: LuaTeX not detected.
Package: ifvtex 2010/03/01 v1.5 Detect VTeX and its facilities (HO)
Package ifvtex Info: VTeX not detected.
Package: intcalc 2007/09/27 v1.1 Expandable calculations with integers (HO)
Package hobsub Info: Skipping package `ifpdf' (already loaded).
Package: etexcmds 2011/02/16 v1.5 Avoid name clashes with e-TeX commands (HO)
Package etexcmds Info: Could not find \expanded.
(etexcmds)             That can mean that you are not using pdfTeX 1.50 or
(etexcmds)             that some package has redefined \expanded.
(etexcmds)             In the latter case, load this package earlier.
Package: kvsetkeys 2012/04/25 v1.16 Key value parser (HO)
Package: kvdefinekeys 2011/04/07 v1.3 Define keys (HO)
Package: pdftexcmds 2011/11/29 v0.20 Utility functions of pdfTeX for LuaTeX (HO
)
Package pdftexcmds Info: LuaTeX not detected.
Package pdftexcmds Info: \pdf@primitive is available.
Package pdftexcmds Info: \pdf@ifprimitive is available.
Package pdftexcmds Info: \pdfdraftmode found.
Package: pdfescape 2011/11/25 v1.13 Implements pdfTeX's escape features (HO)
Package: bigintcalc 2012/04/08 v1.3 Expandable calculations on big integers (HO
)
Package: bitset 2011/01/30 v1.1 Handle bit-vector datatype (HO)
Package: uniquecounter 2011/01/30 v1.2 Provide unlimited unique counter (HO)
)
Package hobsub Info: Skipping package `hobsub' (already loaded).
Package: letltxmacro 2010/09/02 v1.4 Let assignment for LaTeX macros (HO)
Package: hopatch 2012/05/28 v1.2 Wrapper for package hooks (HO)
Package: xcolor-patch 2011/01/30 xcolor patch
Package: atveryend 2011/06/30 v1.8 Hooks at the very end of document (HO)
Package hobsub Info: Skipping package `atbegshi' (already loaded).
Package: refcount 2011/10/16 v3.4 Data extraction from label references (HO)
Package: hycolor 2011/01/30 v1.7 Color options for hyperref/bookmark (HO)
)
(/usr/share/texlive/texmf-dist/tex/generic/ifxetex/ifxetex.sty
Package: ifxetex 2010/09/12 v0.6 Provides ifxetex conditional
)
(/usr/share/texlive/texmf-dist/tex/latex/oberdiek/auxhook.sty
Package: auxhook 2011/03/04 v1.3 Hooks for auxiliary files (HO)
)
(/usr/share/texlive/texmf-dist/tex/latex/oberdiek/kvoptions.sty
Package: kvoptions 2011/06/30 v3.11 Key value format for package options (HO)
)
\@linkdim=\dimen129
\Hy@linkcounter=\count189
\Hy@pagecounter=\count190

(/usr/share/texlive/texmf-dist/tex/latex/hyperref/pd1enc.def
File: pd1enc.def 2012/11/06 v6.83m Hyperref: PDFDocEncoding definition (HO)
Now handling font encoding PD1 ...
... no UTF-8 mapping file for font encoding PD1
)
\Hy@SavedSpaceFactor=\count191

(/usr/share/texlive/texmf-dist/tex/latex/latexconfig/hyperref.cfg
File: hyperref.cfg 2002/06/06 v1.2 hyperref configuration of TeXLive
)
Package hyperref Info: Option `plainpages' set `false' on input line 4319.
Package hyperref Info: Option `pdfpagelabels' set `true' on input line 4319.
Package hyperref Info: Option `bookmarks' set `true' on input line 4319.
Package hyperref Info: Option `colorlinks' set `false' on input line 4319.
Package hyperref Info: Hyper figures OFF on input line 4443.
Package hyperref Info: Link nesting OFF on input line 4448.
Package hyperref Info: Hyper index ON on input line 4451.
Package hyperref Info: Plain pages OFF on input line 4458.
Package hyperref Info: Backreferencing OFF on input line 4463.
Package hyperref Info: Implicit mode ON; LaTeX internals redefined.
Package hyperref Info: Bookmarks ON on input line 4688.
\c@Hy@tempcnt=\count192
LaTeX Info: Redefining \url on input line 5041.
\XeTeXLinkMargin=\dimen130
\Fld@menulength=\count193
\Field@Width=\dimen131
\Fld@charsize=\dimen132
Package hyperref Info: Hyper figures OFF on input line 6295.
Package hyperref Info: Link nesting OFF on input line 6300.
Package hyperref Info: Hyper index ON on input line 6303.
Package hyperref Info: backreferencing OFF on input line 6310.
Package hyperref Info: Link coloring OFF on input line 6315.
Package hyperref Info: Link coloring with OCG OFF on input line 6320.
Package hyperref Info: PDF/A mode OFF on input line 6325.
LaTeX Info: Redefining \ref on input line 6365.
LaTeX Info: Redefining \pageref on input line 6369.
\Hy@abspage=\count194
\c@Item=\count195
\c@Hfootnote=\count196
)

Package hyperref Message: Driver (autodetected): hpdftex.

(/usr/share/texlive/texmf-dist/tex/latex/hyperref/hpdftex.def
File: hpdftex.def 2012/11/06 v6.83m Hyperref driver for pdfTeX
\Fld@listcount=\count197
\c@bookmark@seq@number=\count198

(/usr/share/texlive/texmf-dist/tex/latex/oberdiek/rerunfilecheck.sty
Package: rerunfilecheck 2011/04/15 v1.7 Rerun checks for auxiliary files (HO)
Package uniquecounter Info: New unique counter `rerunfilecheck' on input line 2
82.
)
\Hy@SectionHShift=\skip77
)
(/usr/share/texlive/texmf-dist/tex/latex/natbib/natbib.sty
Package: natbib 2010/09/13 8.31b (PWD, AO)
\bibhang=\skip78
\bibsep=\skip79
LaTeX Info: Redefining \cite on input line 694.
\c@NAT@ctr=\count199
)
(/usr/share/texlive/texmf-dist/tex/latex/pdfcomment/pdfcomment.sty
Package: pdfcomment 2012/09/28 pdfcomment.sty v2.3a - Josef Kleber (C) 2008-201
2
\c@pc@count@i=\count200
\c@pc@count@ii=\count201
\c@pc@count@iii=\count202
\c@pc@count@iv=\count203
\pc@mathannot@box=\box38
\pc@dima=\skip80
\pc@dimb=\skip81
\pc@Sposx=\skip82
\pc@Sposy=\skip83
\pc@Eposx=\skip84
\pc@Eposy=\skip85
\pc@column=\skip86
\pc@box@width=\skip87
\pc@box@height=\skip88
\pc@box@depth=\skip89

(/usr/share/texlive/texmf-dist/tex/latex/oberdiek/zref-savepos.sty
Package: zref-savepos 2012/04/04 v2.24 Module savepos for zref (HO)

(/usr/share/texlive/texmf-dist/tex/latex/oberdiek/zref-base.sty
Package: zref-base 2012/04/04 v2.24 Module base for zref (HO)
Package zref Info: New property list: main on input line 759.
Package zref Info: New property: default on input line 760.
Package zref Info: New property: page on input line 761.
)
Package zref Info: New property list: savepos on input line 75.
Package zref Info: New property: posx on input line 76.
Package zref Info: New property: posy on input line 77.
)
\c@zref@unique=\count204

(/usr/share/texlive/texmf-dist/tex/latex/marginnote/marginnote.sty
Package: marginnote 2012/03/29 v1.1i non floating margin notes for LaTeX
\c@mn@abspage=\count205
)
(/usr/share/texlive/texmf-dist/tex/latex/bezos/soulpos.sty
Package: soulpos 2012/02/25 v1.0 Fancy underlining
\ulp@subcnt=\count206
\ulp@cnt=\count207
\ulp@out=\write5
\ulp@in=\read2
\ulwidth=\dimen133
)

Package hyperref Warning: Option `pdftex' has already been used,
(hyperref)                setting the option has no effect on input line 1348.

Package zref Info: New property list: pdfcomment on input line 2714.
Package zref Info: New property: PCPDFOBJID on input line 2715.
) (/usr/share/texlive/texmf-dist/tex/latex/a4wide/a4wide.sty
Package: a4wide 1994/08/30

(/usr/share/texlive/texmf-dist/tex/latex/ntgclass/a4.sty
Package: a4 2004/04/15 v1.2g A4 based page layout
))
\glo@symbols@file=\write6
\openout6 = `thesis.sbl'.

Package glossaries Info: Writing glossary file thesis.sbl on input line 147.
 (./glossary.tex)
(./thesis.aux (./title.aux) (./declaration.aux) (./acknowledgements.aux)
(./abstract.aux))
\openout1 = `thesis.aux'.

LaTeX Font Info:    Checking defaults for OML/cmm/m/it on input line 152.
LaTeX Font Info:    ... okay on input line 152.
LaTeX Font Info:    Checking defaults for T1/cmr/m/n on input line 152.
LaTeX Font Info:    ... okay on input line 152.
LaTeX Font Info:    Checking defaults for OT1/cmr/m/n on input line 152.
LaTeX Font Info:    ... okay on input line 152.
LaTeX Font Info:    Checking defaults for OMS/cmsy/m/n on input line 152.
LaTeX Font Info:    ... okay on input line 152.
LaTeX Font Info:    Checking defaults for OMX/cmex/m/n on input line 152.
LaTeX Font Info:    ... okay on input line 152.
LaTeX Font Info:    Checking defaults for U/cmr/m/n on input line 152.
LaTeX Font Info:    ... okay on input line 152.
LaTeX Font Info:    Checking defaults for PD1/pdf/m/n on input line 152.
LaTeX Font Info:    ... okay on input line 152.
 (/usr/share/texlive/texmf-dist/tex/context/base/supp-pdf.mkii
[Loading MPS to PDF converter (version 2006.09.02).]
\scratchcounter=\count208
\scratchdimen=\dimen134
\scratchbox=\box39
\nofMPsegments=\count209
\nofMParguments=\count210
\everyMPshowfont=\toks47
\MPscratchCnt=\count211
\MPscratchDim=\dimen135
\MPnumerator=\count212
\makeMPintoPDFobject=\count213
\everyMPtoPDFconversion=\toks48
) (/usr/share/texlive/texmf-dist/tex/latex/oberdiek/epstopdf-base.sty
Package: epstopdf-base 2010/02/09 v2.5 Base part for package epstopdf

(/usr/share/texlive/texmf-dist/tex/latex/oberdiek/grfext.sty
Package: grfext 2010/08/19 v1.1 Manage graphics extensions (HO)
)
Package grfext Info: Graphics extension search list:
(grfext)             [.png,.pdf,.jpg,.mps,.jpeg,.jbig2,.jb2,.PNG,.PDF,.JPG,.JPE
G,.JBIG2,.JB2,.eps]
(grfext)             \AppendGraphicsExtensions on input line 452.

(/usr/share/texlive/texmf-dist/tex/latex/latexconfig/epstopdf-sys.cfg
File: epstopdf-sys.cfg 2010/07/13 v1.3 Configuration of (r)epstopdf for TeX Liv
e
))
\AtBeginShipoutBox=\box40

(/usr/share/texlive/texmf-dist/tex/latex/ucs/ucsencs.def
File: ucsencs.def 2011/01/21 Fixes to fontencodings LGR, T3
)

Package ucs Warning: ***************************
(ucs)                You seem to have loaded inputencoding utf8
(ucs)                (LaTeX kernel UTF-8) instead of utf8x (ucs.sty UTF-8).
(ucs)                Probably you are compiling a document written for a
(ucs)                pre-august-2004 ucs.sty.
(ucs)                ***************************
(ucs)                Please use \usepackage[utf8x]{inputenc} instead of
(ucs)                \usepackage[utf8]{inputenc}.
(ucs)                ***************************
(ucs)                If you should really want to use ucs.sty and kernel's
(ucs)                utf8.def together, use \usepackage[utf8x,utf8]{inputenc}
(ucs)                to disable compatibility mode
(ucs)                ***************************
(ucs)                Activating compatibility mode.
(ucs)                ***************************
(ucs)                 on input line 152.

(/usr/share/texlive/texmf-dist/tex/latex/ucs/utf8x.def
File: utf8x.def 2004/10/17 UCS: Input encoding UTF-8
)
Package hyperref Info: Link coloring OFF on input line 152.

(/usr/share/texlive/texmf-dist/tex/latex/hyperref/nameref.sty
Package: nameref 2012/10/27 v2.43 Cross-referencing by name of section

(/usr/share/texlive/texmf-dist/tex/generic/oberdiek/gettitlestring.sty
Package: gettitlestring 2010/12/03 v1.4 Cleanup title references (HO)
)
\c@section@level=\count214
)
LaTeX Info: Redefining \ref on input line 152.
LaTeX Info: Redefining \pageref on input line 152.
LaTeX Info: Redefining \nameref on input line 152.

(./thesis.out) (./thesis.out)
\@outlinefile=\write7
\openout7 = `thesis.out'.

Package marginnote Info: \pdfoutput not 0 and \pdflastxpos available.
(marginnote)             Extended position detection mode activated.
Package soulpos Info: Loading soulutf8 on input line 152.

(/usr/share/texlive/texmf-dist/tex/generic/oberdiek/soulutf8.sty
Package: soulutf8 2007/09/09 v1.0 Permit use of UTF-8 characters in soul (HO)

(/usr/share/texlive/texmf-dist/tex/latex/soul/soul.sty
Package: soul 2003/11/17 v2.4 letterspacing/underlining (mf)
\SOUL@word=\toks49
\SOUL@lasttoken=\toks50
\SOUL@cmds=\toks51
\SOUL@buffer=\toks52
\SOUL@token=\toks53
\SOUL@spaceskip=\skip90
\SOUL@ttwidth=\dimen136
\SOUL@uldp=\dimen137
\SOUL@ulht=\dimen138
))
\openout2 = `title.aux'.

 (./title.tex
LaTeX Font Info:    Try loading font information for U+msa on input line 6.

(/usr/share/texlive/texmf-dist/tex/latex/amsfonts/umsa.fd
File: umsa.fd 2013/01/14 v3.01 AMS symbols A
)
LaTeX Font Info:    Try loading font information for U+msb on input line 6.

(/usr/share/texlive/texmf-dist/tex/latex/amsfonts/umsb.fd
File: umsb.fd 2013/01/14 v3.01 AMS symbols B
)
<rwth.jpg, id=108, 407.3619pt x 110.3322pt>
File: rwth.jpg Graphic file (type jpg)
 <use rwth.jpg>
Package pdftex.def Info: rwth.jpg used on input line 8.
(pdftex.def)             Requested size: 128.0374pt x 34.67737pt.

<i5-300.jpg, id=109, 301.125pt x 301.125pt>
File: i5-300.jpg Graphic file (type jpg)
 <use i5-300.jpg>
Package pdftex.def Info: i5-300.jpg used on input line 10.
(pdftex.def)             Requested size: 34.14322pt x 34.1393pt.

<iais.jpg, id=110, 827.09pt x 279.0425pt>
File: iais.jpg Graphic file (type jpg)
 <use iais.jpg>
Package pdftex.def Info: iais.jpg used on input line 13.
(pdftex.def)             Requested size: 170.71652pt x 57.5958pt.

(/usr/share/texlive/texmf-dist/tex/latex/ucs/data/uni-0.def
File: uni-0.def 2013/05/13 UCS: Unicode data U+0000..U+00FF
)
Underfull \hbox (badness 10000) in paragraph at lines 44--50

 []

) [1

\openout3 = `thesis.ist'.

\openout5 = `thesis.upa'.


{/var/lib/texmf/fonts/map/pdftex/updmap/pdftex.map} <./rwth.jpg> <./i5-300.jpg>
 <./iais.jpg>] [2

]
\openout2 = `declaration.aux'.

 (./declaration.tex [3

]) [4]
\openout2 = `acknowledgements.aux'.

 (./acknowledgements.tex
[5


]) [6]
\openout2 = `abstract.aux'.

 (./abstract.tex [7


]) [8] (./thesis.toc)
\tf@toc=\write8
\openout8 = `thesis.toc'.

 [9



] [10


] (./thesis.lof)
\tf@lof=\write9
\openout9 = `thesis.lof'.


[11] [12] (./thesis.lot)
\tf@lot=\write10
\openout10 = `thesis.lot'.

 (./thesis.sym [13


] [14


]
(/usr/share/texlive/texmf-dist/tex/latex/ucs/data/uni-32.def
File: uni-32.def 2013/05/13 UCS: Unicode data U+2000..U+20FF
) [15


]
Overfull \hbox (15.8006pt too wide) in paragraph at lines 65--65
[]\T1/cmr/m/n/12 The $\OML/cmm/m/it/12 d$\T1/cmr/m/n/12 -dimensional in-put em-
bed-ding $\OML/cmm/m/it/12 V[] \OMS/cmsy/m/n/12 2 <[]$ \T1/cmr/m/n/12 cor-re-sp
ond-ing to the sense $\OML/cmm/m/it/12 s \OMS/cmsy/m/n/12 2 f\OT1/cmr/m/n/12 1\
OML/cmm/m/it/12 ; [] ; N[]\OMS/cmsy/m/n/12 g$
 []

) (./intro.tex [16]
Chapter 1.
<neighbouring_words.jpg, id=365, 615.29875pt x 181.67876pt>
File: neighbouring_words.jpg Graphic file (type jpg)

<use neighbouring_words.jpg>
Package pdftex.def Info: neighbouring_words.jpg used on input line 32.
(pdftex.def)             Requested size: 460.72124pt x 136.03972pt.
 [1


]
LaTeX Font Info:    Try loading font information for OMS+cmr on input line 47.

(/usr/share/texlive/texmf-dist/tex/latex/base/omscmr.fd
File: omscmr.fd 1999/05/25 v2.5h Standard LaTeX font definitions
)
LaTeX Font Info:    Font shape `OMS/cmr/m/n' in size <12> not available
(Font)              Font shape `OMS/cmsy/m/n' tried instead on input line 47.
 [2 <./neighbouring_words.jpg>] [3]) (./background.tex [4]
Chapter 2.
[5


] <tanh.png, id=443, 361.35pt x 233.87375pt>
File: tanh.png Graphic file (type png)
 <use tanh.png>
Package pdftex.def Info: tanh.png used on input line 33.
(pdftex.def)             Requested size: 184.28568pt x 119.27402pt.
 [6 <./tanh.png>]
<neural3.png, id=452, 655.44875pt x 773.89125pt>
File: neural3.png Graphic file (type png)
 <use neural3.png>
Package pdftex.def Info: neural3.png used on input line 49.
(pdftex.def)             Requested size: 184.28568pt x 217.58553pt.

Underfull \vbox (badness 5331) has occurred while \output is active []

 [7 <./neural3.png>] <bengio.png, id=467, 656.4525pt x 588.1975pt>
File: bengio.png Graphic file (type png)
 <use bengio.png>
Package pdftex.def Info: bengio.png used on input line 84.
(pdftex.def)             Requested size: 322.50345pt x 288.9732pt.

[8] [9 <./bengio.png>] [10] <word2vec.png, id=514, 743.77875pt x 448.67625pt>
File: word2vec.png Graphic file (type png)

<use word2vec.png>
Package pdftex.def Info: word2vec.png used on input line 138.
(pdftex.def)             Requested size: 414.6463pt x 250.1342pt.
 [11]
Underfull \hbox (badness 10000) in paragraph at lines 162--164

 []


Underfull \hbox (badness 10000) in paragraph at lines 165--167

 []

[12 <./word2vec.png>]
Underfull \hbox (badness 10000) in paragraph at lines 180--182

 []

[13]
Overfull \hbox (13.29504pt too wide) in alignment at lines 204--208
 [][][] []
 []

) (./relwork.tex [14]
Chapter 3.

Underfull \hbox (badness 10000) in paragraph at lines 12--16

 []

<huang.png, id=549, 1237.62375pt x 427.5975pt>
File: huang.png Graphic file (type png)
 <use huang.png>
Package pdftex.def Info: huang.png used on input line 19.
(pdftex.def)             Requested size: 414.6463pt x 143.26073pt.

Underfull \hbox (badness 10000) in paragraph at lines 25--26

 []

[15


] [16 <./huang.png>]

Package natbib Warning: Citation `neelakantan2015efficient' on page 17 undefine
d on input line 105.

[17] <MSSG.png, id=575, 881.2925pt x 678.535pt>
File: MSSG.png Graphic file (type png)
 <use MSSG.png>
Package pdftex.def Info: MSSG.png used on input line 120.
(pdftex.def)             Requested size: 414.6463pt x 319.24281pt.
 [18]) [19 <./MSSG.png>] (./solution.tex [20]
Chapter 4.
[21


] [22]
Underfull \hbox (badness 10000) in paragraph at lines 66--67

 []

[23]
Underfull \hbox (badness 10000) in paragraph at lines 77--78

 []

[24] [25]) (./impl.tex [26]
Chapter 5.
[27


] <1to51.png, id=651, 578.16pt x 433.62pt>
File: 1to51.png Graphic file (type png)
 <use 1to51.png>
Package pdftex.def Info: 1to51.png used on input line 39.
(pdftex.def)             Requested size: 345.54092pt x 259.15506pt.

<51to637.png, id=653, 578.16pt x 433.62pt>
File: 51to637.png Graphic file (type png)
 <use 51to637.png>
Package pdftex.def Info: 51to637.png used on input line 45.
(pdftex.def)             Requested size: 345.54092pt x 259.15506pt.
 [28]
Underfull \vbox (badness 10000) has occurred while \output is active []

 [29]
<637to31140.png, id=665, 578.16pt x 433.62pt>
File: 637to31140.png Graphic file (type png)
 <use 637to31140.png>
Package pdftex.def Info: 637to31140.png used on input line 53.
(pdftex.def)             Requested size: 345.54092pt x 259.15506pt.

<31140torest.png, id=666, 578.16pt x 433.62pt>
File: 31140torest.png Graphic file (type png)
 <use 31140torest.png>
Package pdftex.def Info: 31140torest.png used on input line 59.
(pdftex.def)             Requested size: 345.54092pt x 259.15506pt.

Underfull \vbox (badness 10000) has occurred while \output is active []

 [30 <./1to51.png> <./51to637.png>]
Underfull \vbox (badness 10000) has occurred while \output is active []

 [31 <./637to31140.png> <./31140torest.png>] [32]) (./eval.tex [33] [34


]
Chapter 6.
[35]
Overfull \hbox (14.62608pt too wide) in paragraph at lines 66--81
 [] 
 []

[36] [37] <vectime.png, id=732, 578.16pt x 433.62pt>
File: vectime.png Graphic file (type png)
 <use vectime.png>
Package pdftex.def Info: vectime.png used on input line 183.
(pdftex.def)             Requested size: 345.54092pt x 259.15506pt.

<vecloss.png, id=733, 578.16pt x 433.62pt>
File: vecloss.png Graphic file (type png)
 <use vecloss.png>
Package pdftex.def Info: vecloss.png used on input line 190.
(pdftex.def)             Requested size: 345.54092pt x 259.15506pt.

<vecSCWS.png, id=734, 578.16pt x 433.62pt>
File: vecSCWS.png Graphic file (type png)
 <use vecSCWS.png>
Package pdftex.def Info: vecSCWS.png used on input line 197.
(pdftex.def)             Requested size: 345.54092pt x 259.15506pt.

<vecword353.png, id=735, 578.16pt x 433.62pt>
File: vecword353.png Graphic file (type png)
 <use vecword353.png>
Package pdftex.def Info: vecword353.png used on input line 205.
(pdftex.def)             Requested size: 345.54092pt x 259.15506pt.

Underfull \vbox (badness 1755) has occurred while \output is active []

 [38]
[39] [40 <./vectime.png>] [41 <./vecloss.png> <./vecSCWS.png>] [42 <./vecword35
3.png>] <sensecount.png, id=767, 578.16pt x 433.62pt>
File: sensecount.png Graphic file (type png)
 <use sensecount.png>
Package pdftex.def Info: sensecount.png used on input line 259.
(pdftex.def)             Requested size: 460.72124pt x 345.54008pt.

<lrloss.png, id=780, 578.16pt x 433.62pt>
File: lrloss.png Graphic file (type png)
 <use lrloss.png>
Package pdftex.def Info: lrloss.png used on input line 308.
(pdftex.def)             Requested size: 345.54092pt x 259.15506pt.
 [43

]
Overfull \vbox (77.69514pt too high) has occurred while \output is active []


[44 <./sensecount.png> <./lrloss.png>]
<lriter.png, id=793, 578.16pt x 433.62pt>
File: lriter.png Graphic file (type png)
 <use lriter.png>
Package pdftex.def Info: lriter.png used on input line 315.
(pdftex.def)             Requested size: 345.54092pt x 259.15506pt.

<gmloss.png, id=794, 578.16pt x 433.62pt>
File: gmloss.png Graphic file (type png)
 <use gmloss.png>
Package pdftex.def Info: gmloss.png used on input line 322.
(pdftex.def)             Requested size: 345.54092pt x 259.15506pt.

Underfull \vbox (badness 10000) has occurred while \output is active []

 [45 <./lriter.png>] <gmiter.png, id=801, 578.16pt x 433.62pt>
File: gmiter.png Graphic file (type png)
 <use gmiter.png>
Package pdftex.def Info: gmiter.png used on input line 329.
(pdftex.def)             Requested size: 345.54092pt x 259.15506pt.
 [46 <./gmloss.png> <./gmiter.png>] [47] [48]
Underfull \vbox (badness 1221) has occurred while \output is active []

 [49]
<apple.png, id=849, 1084.05pt x 1084.05pt>
File: apple.png Graphic file (type png)
 <use apple.png>
Package pdftex.def Info: apple.png used on input line 514.
(pdftex.def)             Requested size: 460.72124pt x 460.72343pt.
 [50] [51 <./apple.png>]
Overfull \hbox (17.23344pt too wide) in paragraph at lines 576--604
 [] 
 []

<some20.png, id=864, 1084.05pt x 1084.05pt>
File: some20.png Graphic file (type png)
 <use some20.png>
Package pdftex.def Info: some20.png used on input line 612.
(pdftex.def)             Requested size: 460.72124pt x 460.72343pt.
) (./concl.tex
[52

] [53] [54 <./some20.png>]
Chapter 7.
) (./thesis.bbl [55


] [56


] [57])

Package natbib Warning: There were undefined citations.

Package atveryend Info: Empty hook `BeforeClearDocument' on input line 245.
[58]
Package atveryend Info: Empty hook `AfterLastShipout' on input line 245.
 (./thesis.aux (./title.aux) (./declaration.aux) (./acknowledgements.aux)
(./abstract.aux) * soulpos - computing points - it may take a few seconds *
\openout5 = `thesis.upb'.


(./thesis.upa))
Package atveryend Info: Executing hook `AtVeryEndDocument' on input line 245.
Package atveryend Info: Executing hook `AtEndAfterFileList' on input line 245.
Package rerunfilecheck Info: File `thesis.out' has not changed.
(rerunfilecheck)             Checksum: A78E513E232238838B2AFCBE389CF575;1593.
 ) 
Here is how much of TeX's memory you used:
 18062 strings out of 493304
 274016 string characters out of 6139872
 458763 words of memory out of 5000000
 20841 multiletter control sequences out of 15000+600000
 22478 words of font info for 57 fonts, out of 8000000 for 9000
 957 hyphenation exceptions out of 8191
 57i,23n,45p,1843b,653s stack positions out of 5000i,500n,10000p,200000b,80000s
{/usr/share/texmf/fonts/enc/dvips/cm-super/cm-super-t1.enc}</usr/share/texliv
e/texmf-dist/fonts/type1/public/amsfonts/cm/cmex10.pfb></usr/share/texlive/texm
f-dist/fonts/type1/public/amsfonts/cmextra/cmex8.pfb></usr/share/texlive/texmf-
dist/fonts/type1/public/amsfonts/cm/cmmi12.pfb></usr/share/texlive/texmf-dist/f
onts/type1/public/amsfonts/cm/cmmi5.pfb></usr/share/texlive/texmf-dist/fonts/ty
pe1/public/amsfonts/cm/cmmi6.pfb></usr/share/texlive/texmf-dist/fonts/type1/pub
lic/amsfonts/cm/cmmi8.pfb></usr/share/texlive/texmf-dist/fonts/type1/public/ams
fonts/cm/cmr10.pfb></usr/share/texlive/texmf-dist/fonts/type1/public/amsfonts/c
m/cmr12.pfb></usr/share/texlive/texmf-dist/fonts/type1/public/amsfonts/cm/cmr6.
pfb></usr/share/texlive/texmf-dist/fonts/type1/public/amsfonts/cm/cmr8.pfb></us
r/share/texlive/texmf-dist/fonts/type1/public/amsfonts/cm/cmsy10.pfb></usr/shar
e/texlive/texmf-dist/fonts/type1/public/amsfonts/cm/cmsy6.pfb></usr/share/texli
ve/texmf-dist/fonts/type1/public/amsfonts/cm/cmsy8.pfb></usr/share/texlive/texm
f-dist/fonts/type1/public/amsfonts/symbols/msbm10.pfb></usr/share/texmf/fonts/t
ype1/public/cm-super/sfbx1200.pfb></usr/share/texmf/fonts/type1/public/cm-super
/sfbx1440.pfb></usr/share/texmf/fonts/type1/public/cm-super/sfbx1728.pfb></usr/
share/texmf/fonts/type1/public/cm-super/sfbx2488.pfb></usr/share/texmf/fonts/ty
pe1/public/cm-super/sfcc1200.pfb></usr/share/texmf/fonts/type1/public/cm-super/
sfrm0700.pfb></usr/share/texmf/fonts/type1/public/cm-super/sfrm0800.pfb></usr/s
hare/texmf/fonts/type1/public/cm-super/sfrm1000.pfb></usr/share/texmf/fonts/typ
e1/public/cm-super/sfrm1200.pfb></usr/share/texmf/fonts/type1/public/cm-super/s
frm1440.pfb></usr/share/texmf/fonts/type1/public/cm-super/sfsl1200.pfb></usr/sh
are/texmf/fonts/type1/public/cm-super/sfti1200.pfb>
Output written on thesis.pdf (74 pages, 1851846 bytes).
PDF statistics:
 1037 PDF objects out of 1200 (max. 8388607)
 884 compressed objects within 9 object streams
 219 named destinations out of 1000 (max. 500000)
 334 words of extra memory for PDF output out of 10000 (max. 10000000)

