This is pdfTeX, Version 3.1415926-2.5-1.40.14 (MiKTeX 2.9) (preloaded format=pdflatex 2015.6.9)  4 JUL 2016 12:46
entering extended mode
**thesis*(1).tex
("C:\Users\sun\Google Drive\Writing\thesis\Master Thesis副本\thesis (1).tex"
LaTeX2e <2011/06/27>
Babel <v3.8m> and hyphenation patterns for english, afrikaans, ancientgreek, ar
abic, armenian, assamese, basque, bengali, bokmal, bulgarian, catalan, coptic, 
croatian, czech, danish, dutch, esperanto, estonian, farsi, finnish, french, ga
lician, german, german-x-2013-05-26, greek, gujarati, hindi, hungarian, iceland
ic, indonesian, interlingua, irish, italian, kannada, kurmanji, latin, latvian,
 lithuanian, malayalam, marathi, mongolian, mongolianlmc, monogreek, ngerman, n
german-x-2013-05-26, nynorsk, oriya, panjabi, pinyin, polish, portuguese, roman
ian, russian, sanskrit, serbian, slovak, slovenian, spanish, swedish, swissgerm
an, tamil, telugu, turkish, turkmen, ukenglish, ukrainian, uppersorbian, usengl
ishmax, welsh, loaded.
("C:\Program Files (x86)\MiKTeX 2.9\tex\latex\base\book.cls"
Document Class: book 2007/10/19 v1.4h Standard LaTeX document class
("C:\Program Files (x86)\MiKTeX 2.9\tex\latex\base\bk12.clo"
File: bk12.clo 2007/10/19 v1.4h Standard LaTeX file (size option)
)
\c@part=\count79
\c@chapter=\count80
\c@section=\count81
\c@subsection=\count82
\c@subsubsection=\count83
\c@paragraph=\count84
\c@subparagraph=\count85
\c@figure=\count86
\c@table=\count87
\abovecaptionskip=\skip41
\belowcaptionskip=\skip42
\bibindent=\dimen102
)
("C:\Program Files (x86)\MiKTeX 2.9\tex\latex\base\inputenc.sty"
Package: inputenc 2008/03/30 v1.1d Input encoding file
\inpenc@prehook=\toks14
\inpenc@posthook=\toks15

("C:\Program Files (x86)\MiKTeX 2.9\tex\latex\base\latin1.def"
File: latin1.def 2008/03/30 v1.1d Input encoding file
))
("C:\Program Files (x86)\MiKTeX 2.9\tex\latex\base\fontenc.sty"
Package: fontenc 2005/09/27 v1.99g Standard LaTeX package

("C:\Program Files (x86)\MiKTeX 2.9\tex\latex\base\t1enc.def"
File: t1enc.def 2005/09/27 v1.99g Standard LaTeX file
LaTeX Font Info:    Redeclaring font encoding T1 on input line 43.
))
("C:\Program Files (x86)\MiKTeX 2.9\tex\latex\fancyhdr\fancyhdr.sty"
\fancy@headwidth=\skip43
\f@ncyO@elh=\skip44
\f@ncyO@erh=\skip45
\f@ncyO@olh=\skip46
\f@ncyO@orh=\skip47
\f@ncyO@elf=\skip48
\f@ncyO@erf=\skip49
\f@ncyO@olf=\skip50
\f@ncyO@orf=\skip51
)
("C:\Program Files (x86)\MiKTeX 2.9\tex\latex\graphics\graphicx.sty"
Package: graphicx 1999/02/16 v1.0f Enhanced LaTeX Graphics (DPC,SPQR)

("C:\Program Files (x86)\MiKTeX 2.9\tex\latex\graphics\keyval.sty"
Package: keyval 1999/03/16 v1.13 key=value parser (DPC)
\KV@toks@=\toks16
)
("C:\Program Files (x86)\MiKTeX 2.9\tex\latex\graphics\graphics.sty"
Package: graphics 2009/02/05 v1.0o Standard LaTeX Graphics (DPC,SPQR)

("C:\Program Files (x86)\MiKTeX 2.9\tex\latex\graphics\trig.sty"
Package: trig 1999/03/16 v1.09 sin cos tan (DPC)
)
("C:\Program Files (x86)\MiKTeX 2.9\tex\latex\00miktex\graphics.cfg"
File: graphics.cfg 2007/01/18 v1.5 graphics configuration of teTeX/TeXLive
)
Package graphics Info: Driver file: pdftex.def on input line 91.

("C:\Program Files (x86)\MiKTeX 2.9\tex\latex\pdftex-def\pdftex.def"
File: pdftex.def 2011/05/27 v0.06d Graphics/color for pdfTeX

("C:\Program Files (x86)\MiKTeX 2.9\tex\generic\oberdiek\infwarerr.sty"
Package: infwarerr 2010/04/08 v1.3 Providing info/warning/error messages (HO)
)
("C:\Program Files (x86)\MiKTeX 2.9\tex\generic\oberdiek\ltxcmds.sty"
Package: ltxcmds 2011/11/09 v1.22 LaTeX kernel commands for general use (HO)
)
\Gread@gobject=\count88
))
\Gin@req@height=\dimen103
\Gin@req@width=\dimen104
)
("C:\Program Files (x86)\MiKTeX 2.9\tex\latex\amsmath\amsmath.sty"
Package: amsmath 2013/01/14 v2.14 AMS math features
\@mathmargin=\skip52

For additional information on amsmath, use the `?' option.
("C:\Program Files (x86)\MiKTeX 2.9\tex\latex\amsmath\amstext.sty"
Package: amstext 2000/06/29 v2.01

("C:\Program Files (x86)\MiKTeX 2.9\tex\latex\amsmath\amsgen.sty"
File: amsgen.sty 1999/11/30 v2.0
\@emptytoks=\toks17
\ex@=\dimen105
))
("C:\Program Files (x86)\MiKTeX 2.9\tex\latex\amsmath\amsbsy.sty"
Package: amsbsy 1999/11/29 v1.2d
\pmbraise@=\dimen106
)
("C:\Program Files (x86)\MiKTeX 2.9\tex\latex\amsmath\amsopn.sty"
Package: amsopn 1999/12/14 v2.01 operator names
)
\inf@bad=\count89
LaTeX Info: Redefining \frac on input line 210.
\uproot@=\count90
\leftroot@=\count91
LaTeX Info: Redefining \overline on input line 306.
\classnum@=\count92
\DOTSCASE@=\count93
LaTeX Info: Redefining \ldots on input line 378.
LaTeX Info: Redefining \dots on input line 381.
LaTeX Info: Redefining \cdots on input line 466.
\Mathstrutbox@=\box26
\strutbox@=\box27
\big@size=\dimen107
LaTeX Font Info:    Redeclaring font encoding OML on input line 566.
LaTeX Font Info:    Redeclaring font encoding OMS on input line 567.
\macc@depth=\count94
\c@MaxMatrixCols=\count95
\dotsspace@=\muskip10
\c@parentequation=\count96
\dspbrk@lvl=\count97
\tag@help=\toks18
\row@=\count98
\column@=\count99
\maxfields@=\count100
\andhelp@=\toks19
\eqnshift@=\dimen108
\alignsep@=\dimen109
\tagshift@=\dimen110
\tagwidth@=\dimen111
\totwidth@=\dimen112
\lineht@=\dimen113
\@envbody=\toks20
\multlinegap=\skip53
\multlinetaggap=\skip54
\mathdisplay@stack=\toks21
LaTeX Info: Redefining \[ on input line 2665.
LaTeX Info: Redefining \] on input line 2666.
)
("C:\Program Files (x86)\MiKTeX 2.9\tex\latex\float\float.sty"
Package: float 2001/11/08 v1.3d Float enhancements (AL)
\c@float@type=\count101
\float@exts=\toks22
\float@box=\box28
\@float@everytoks=\toks23
\@floatcapt=\box29
)
("C:\Program Files (x86)\MiKTeX 2.9\tex\latex\algorithms\algorithm.sty"
Package: algorithm 2009/08/24 v0.1 Document Style `algorithm' - floating enviro
nment

("C:\Program Files (x86)\MiKTeX 2.9\tex\latex\base\ifthen.sty"
Package: ifthen 2001/05/26 v1.1c Standard LaTeX ifthen package (DPC)
)
\@float@every@algorithm=\toks24
\c@algorithm=\count102
)
("C:\Program Files (x86)\MiKTeX 2.9\tex\latex\algorithms\algorithmic.sty"
Package: algorithmic 2009/08/24 v0.1 Document Style `algorithmic'
\c@ALC@unique=\count103
\c@ALC@line=\count104
\c@ALC@rem=\count105
\c@ALC@depth=\count106
\ALC@tlm=\skip55
\algorithmicindent=\skip56
)
("C:\Program Files (x86)\MiKTeX 2.9\tex\latex\fancyvrb\fancyvrb.sty"
Package: fancyvrb 2008/02/07

Style option: `fancyvrb' v2.7a, with DG/SPQR fixes, and firstline=lastline fix 
<2008/02/07> (tvz)
\FV@CodeLineNo=\count107
\FV@InFile=\read1
\FV@TabBox=\box30
\c@FancyVerbLine=\count108
\FV@StepNumber=\count109
\FV@OutFile=\write3
)
("C:\Program Files (x86)\MiKTeX 2.9\tex\latex\datetime\datetime.sty"
Package: datetime 2015/03/20 v2.60 Date Time Package

("C:\Program Files (x86)\MiKTeX 2.9\tex\latex\etoolbox\etoolbox.sty"
Package: etoolbox 2015/08/02 v2.2a e-TeX tools for LaTeX (JAW)

("C:\Program Files (x86)\MiKTeX 2.9\tex\latex\misc\etex.sty"
Package: etex 1998/03/26 v2.0 eTeX basic definition package (PEB)
\et@xins=\count110
)
\etb@tempcnta=\count111
)
("C:\Program Files (x86)\MiKTeX 2.9\tex\latex\fmtcount\fmtcount.sty"
Package: fmtcount 2015/05/05 v3.01

("C:\Program Files (x86)\MiKTeX 2.9\tex\latex\xkeyval\xkeyval.sty"
Package: xkeyval 2012/10/14 v2.6b package option processing (HA)

("C:\Program Files (x86)\MiKTeX 2.9\tex\generic\xkeyval\xkeyval.tex"
\XKV@toks=\toks25
\XKV@tempa@toks=\toks26
\XKV@depth=\count112
File: xkeyval.tex 2012/10/14 v2.6b key=value parser (HA)
))
("C:\Program Files (x86)\MiKTeX 2.9\tex\latex\fmtcount\fcprefix.sty"
Package: fcprefix 2012/09/28

("C:\Program Files (x86)\MiKTeX 2.9\tex\latex\fmtcount\fcnumparser.sty"
Package: fcnumparser 2012/09/28
\fc@digit@counter=\count113
))
("C:\Program Files (x86)\MiKTeX 2.9\tex\generic\ifxetex\ifxetex.sty"
Package: ifxetex 2010/09/12 v0.6 Provides ifxetex conditional
)
\c@padzeroesN=\count114
\fc@tmpcatcode=\count115
\@DT@modctr=\count116
\@ordinalctr=\count117
\@orgargctr=\count118
\@strctr=\count119
\@tmpstrctr=\count120
\@DT@loopN=\count121
\@DT@X=\count122

("C:\Program Files (x86)\MiKTeX 2.9\tex\latex\fmtcount\fc-english.def"
File: fc-english.def 2013/08/17
))
("C:\Program Files (x86)\MiKTeX 2.9\tex\latex\datetime\datetime-defaults.sty"
Package: datetime-defaults 2013/09/10
)
\@day=\count123
\@month=\count124
\@year=\count125
\c@HOUR=\count126
\c@HOURXII=\count127
\c@MINUTE=\count128
\c@TOHOUR=\count129
\c@TOMINUTE=\count130
\c@SECOND=\count131
\currenthour=\count132
\currentminute=\count133
\currentsecond=\count134
Package datetime Info: No datetime.cfg file found, using default settings on in
put line 308.
\@dtctr=\count135
\dayofyear=\count136
\dayofweek=\count137
LaTeX Info: Redefining \today on input line 736.
\dt@a=\toks27
\dt@b=\toks28
) ("C:\Program Files (x86)\MiKTeX 2.9\tex\latex\hyperref\hyperref.sty"
Package: hyperref 2012/11/06 v6.83m Hypertext links for LaTeX

("C:\Program Files (x86)\MiKTeX 2.9\tex\generic\oberdiek\hobsub-hyperref.sty"
Package: hobsub-hyperref 2012/04/25 v1.12 Bundle oberdiek, subset hyperref (HO)


("C:\Program Files (x86)\MiKTeX 2.9\tex\generic\oberdiek\hobsub-generic.sty"
Package: hobsub-generic 2012/04/25 v1.12 Bundle oberdiek, subset generic (HO)
Package: hobsub 2012/04/25 v1.12 Construct package bundles (HO)
Package hobsub Info: Skipping package `infwarerr' (already loaded).
Package hobsub Info: Skipping package `ltxcmds' (already loaded).
Package: ifluatex 2010/03/01 v1.3 Provides the ifluatex switch (HO)
Package ifluatex Info: LuaTeX not detected.
Package: ifvtex 2010/03/01 v1.5 Detect VTeX and its facilities (HO)
Package ifvtex Info: VTeX not detected.
Package: intcalc 2007/09/27 v1.1 Expandable calculations with integers (HO)
Package: ifpdf 2011/01/30 v2.3 Provides the ifpdf switch (HO)
Package ifpdf Info: pdfTeX in PDF mode is detected.
Package: etexcmds 2011/02/16 v1.5 Avoid name clashes with e-TeX commands (HO)
Package etexcmds Info: Could not find \expanded.
(etexcmds)             That can mean that you are not using pdfTeX 1.50 or
(etexcmds)             that some package has redefined \expanded.
(etexcmds)             In the latter case, load this package earlier.
Package: kvsetkeys 2012/04/25 v1.16 Key value parser (HO)
Package: kvdefinekeys 2011/04/07 v1.3 Define keys (HO)
Package: pdftexcmds 2011/11/29 v0.20 Utility functions of pdfTeX for LuaTeX (HO
)
Package pdftexcmds Info: LuaTeX not detected.
Package pdftexcmds Info: \pdf@primitive is available.
Package pdftexcmds Info: \pdf@ifprimitive is available.
Package pdftexcmds Info: \pdfdraftmode found.
Package: pdfescape 2011/11/25 v1.13 Implements pdfTeX's escape features (HO)
Package: bigintcalc 2012/04/08 v1.3 Expandable calculations on big integers (HO
)
Package: bitset 2011/01/30 v1.1 Handle bit-vector datatype (HO)
Package: uniquecounter 2011/01/30 v1.2 Provide unlimited unique counter (HO)
)
Package hobsub Info: Skipping package `hobsub' (already loaded).
Package: letltxmacro 2010/09/02 v1.4 Let assignment for LaTeX macros (HO)
Package: hopatch 2011/06/24 v1.1 Wrapper for package hooks (HO)
Package: xcolor-patch 2011/01/30 xcolor patch
Package: atveryend 2011/06/30 v1.8 Hooks at the very end of document (HO)
Package: atbegshi 2011/10/05 v1.16 At begin shipout hook (HO)
Package: refcount 2011/10/16 v3.4 Data extraction from label references (HO)
Package: hycolor 2011/01/30 v1.7 Color options for hyperref/bookmark (HO)
)
("C:\Program Files (x86)\MiKTeX 2.9\tex\latex\oberdiek\auxhook.sty"
Package: auxhook 2011/03/04 v1.3 Hooks for auxiliary files (HO)
)
("C:\Program Files (x86)\MiKTeX 2.9\tex\latex\oberdiek\kvoptions.sty"
Package: kvoptions 2011/06/30 v3.11 Key value format for package options (HO)
)
\@linkdim=\dimen114
\Hy@linkcounter=\count138
\Hy@pagecounter=\count139

("C:\Program Files (x86)\MiKTeX 2.9\tex\latex\hyperref\pd1enc.def"
File: pd1enc.def 2012/11/06 v6.83m Hyperref: PDFDocEncoding definition (HO)
)
\Hy@SavedSpaceFactor=\count140

("C:\Program Files (x86)\MiKTeX 2.9\tex\latex\00miktex\hyperref.cfg"
File: hyperref.cfg 2002/06/06 v1.2 hyperref configuration of TeXLive
)
Package hyperref Info: Option `plainpages' set `false' on input line 4319.
Package hyperref Info: Option `pdfpagelabels' set `true' on input line 4319.
Package hyperref Info: Option `bookmarks' set `true' on input line 4319.
Package hyperref Info: Option `colorlinks' set `false' on input line 4319.
Package hyperref Info: Hyper figures OFF on input line 4443.
Package hyperref Info: Link nesting OFF on input line 4448.
Package hyperref Info: Hyper index ON on input line 4451.
Package hyperref Info: Plain pages OFF on input line 4458.
Package hyperref Info: Backreferencing OFF on input line 4463.
Package hyperref Info: Implicit mode ON; LaTeX internals redefined.
Package hyperref Info: Bookmarks ON on input line 4688.
\c@Hy@tempcnt=\count141

("C:\Program Files (x86)\MiKTeX 2.9\tex\latex\url\url.sty"
\Urlmuskip=\muskip11
Package: url 2013/09/16  ver 3.4  Verb mode for urls, etc.
)
LaTeX Info: Redefining \url on input line 5041.
\XeTeXLinkMargin=\dimen115
\Fld@menulength=\count142
\Field@Width=\dimen116
\Fld@charsize=\dimen117
Package hyperref Info: Hyper figures OFF on input line 6295.
Package hyperref Info: Link nesting OFF on input line 6300.
Package hyperref Info: Hyper index ON on input line 6303.
Package hyperref Info: backreferencing OFF on input line 6310.
Package hyperref Info: Link coloring OFF on input line 6315.
Package hyperref Info: Link coloring with OCG OFF on input line 6320.
Package hyperref Info: PDF/A mode OFF on input line 6325.
LaTeX Info: Redefining \ref on input line 6365.
LaTeX Info: Redefining \pageref on input line 6369.
\Hy@abspage=\count143
\c@Item=\count144
\c@Hfootnote=\count145
)

Package hyperref Message: Driver (autodetected): hpdftex.

("C:\Program Files (x86)\MiKTeX 2.9\tex\latex\hyperref\hpdftex.def"
File: hpdftex.def 2012/11/06 v6.83m Hyperref driver for pdfTeX
\Fld@listcount=\count146
\c@bookmark@seq@number=\count147

("C:\Program Files (x86)\MiKTeX 2.9\tex\latex\oberdiek\rerunfilecheck.sty"
Package: rerunfilecheck 2011/04/15 v1.7 Rerun checks for auxiliary files (HO)
Package uniquecounter Info: New unique counter `rerunfilecheck' on input line 2
82.
)
\Hy@SectionHShift=\skip57
)
("C:\Program Files (x86)\MiKTeX 2.9\tex\latex\pdfcomment\pdfcomment.sty"
Package: pdfcomment 2016/03/26 pdfcomment.sty v2.3b - Josef Kleber (C) 2008-201
2, 2015-2016
\c@pc@count@i=\count148
\c@pc@count@ii=\count149
\c@pc@count@iii=\count150
\c@pc@count@iv=\count151
\pc@mathannot@box=\box31
\pc@nullbox=\box32
\pc@dima=\skip58
\pc@dimb=\skip59
\pc@Sposx=\skip60
\pc@Sposy=\skip61
\pc@Eposx=\skip62
\pc@Eposy=\skip63
\pc@column=\skip64
\pc@box@width=\skip65
\pc@box@height=\skip66
\pc@box@depth=\skip67

("C:\Program Files (x86)\MiKTeX 2.9\tex\latex\oberdiek\zref-savepos.sty"
Package: zref-savepos 2012/04/04 v2.24 Module savepos for zref (HO)

("C:\Program Files (x86)\MiKTeX 2.9\tex\latex\oberdiek\zref-base.sty"
Package: zref-base 2012/04/04 v2.24 Module base for zref (HO)
Package zref Info: New property list: main on input line 759.
Package zref Info: New property: default on input line 760.
Package zref Info: New property: page on input line 761.
)
Package zref Info: New property list: savepos on input line 75.
Package zref Info: New property: posx on input line 76.
Package zref Info: New property: posy on input line 77.
)
\c@zref@unique=\count152

("C:\Program Files (x86)\MiKTeX 2.9\tex\latex\tools\calc.sty"
Package: calc 2007/08/22 v4.3 Infix arithmetic (KKT,FJ)
\calc@Acount=\count153
\calc@Bcount=\count154
\calc@Adimen=\dimen118
\calc@Bdimen=\dimen119
\calc@Askip=\skip68
\calc@Bskip=\skip69
LaTeX Info: Redefining \setlength on input line 76.
LaTeX Info: Redefining \addtolength on input line 77.
\calc@Ccount=\count155
\calc@Cskip=\skip70
)
("C:\Program Files (x86)\MiKTeX 2.9\tex\latex\marginnote\marginnote.sty"
Package: marginnote 2012/03/29 v1.1i non floating margin notes for LaTeX
\c@mn@abspage=\count156
)
("C:\Program Files (x86)\MiKTeX 2.9\tex\latex\bezos\soulpos.sty"
Package: soulpos 2012/02/25 v1.0 Fancy underlining
\ulp@subcnt=\count157
\ulp@cnt=\count158
\ulp@out=\write4
\ulp@in=\read2
\ulwidth=\dimen120
)

Package hyperref Warning: Option `pdftex' has already been used,
(hyperref)                setting the option has no effect on input line 1349.

Package zref Info: New property list: pdfcomment on input line 2715.
Package zref Info: New property: PCPDFOBJID on input line 2716.
) ("C:\Program Files (x86)\MiKTeX 2.9\tex\latex\a4wide\a4wide.sty"
Package: a4wide 1994/08/30

("C:\Program Files (x86)\MiKTeX 2.9\tex\latex\ntgclass\a4.sty"
Package: a4 2004/04/15 v1.2g A4 based page layout
))
("C:\Users\sun\Google Drive\Writing\thesis\Master Thesis副本\thesis (1).aux"
("C:\Users\sun\Google Drive\Writing\thesis\Master Thesis副本\title.aux")
("C:\Users\sun\Google Drive\Writing\thesis\Master Thesis副本\declaration.aux"
)
("C:\Users\sun\Google Drive\Writing\thesis\Master Thesis副本\acknowledgements
.aux")
("C:\Users\sun\Google Drive\Writing\thesis\Master Thesis副本\abstract.aux"))
LaTeX Font Info:    Checking defaults for OML/cmm/m/it on input line 135.
LaTeX Font Info:    ... okay on input line 135.
LaTeX Font Info:    Checking defaults for T1/cmr/m/n on input line 135.
LaTeX Font Info:    ... okay on input line 135.
LaTeX Font Info:    Checking defaults for OT1/cmr/m/n on input line 135.
LaTeX Font Info:    ... okay on input line 135.
LaTeX Font Info:    Checking defaults for OMS/cmsy/m/n on input line 135.
LaTeX Font Info:    ... okay on input line 135.
LaTeX Font Info:    Checking defaults for OMX/cmex/m/n on input line 135.
LaTeX Font Info:    ... okay on input line 135.
LaTeX Font Info:    Checking defaults for U/cmr/m/n on input line 135.
LaTeX Font Info:    ... okay on input line 135.
LaTeX Font Info:    Checking defaults for PD1/pdf/m/n on input line 135.
LaTeX Font Info:    ... okay on input line 135.

("C:\Program Files (x86)\MiKTeX 2.9\tex\context\base\supp-pdf.mkii"
[Loading MPS to PDF converter (version 2006.09.02).]
\scratchcounter=\count159
\scratchdimen=\dimen121
\scratchbox=\box33
\nofMPsegments=\count160
\nofMParguments=\count161
\everyMPshowfont=\toks29
\MPscratchCnt=\count162
\MPscratchDim=\dimen122
\MPnumerator=\count163
\makeMPintoPDFobject=\count164
\everyMPtoPDFconversion=\toks30
)
\AtBeginShipoutBox=\box34
Package hyperref Info: Link coloring OFF on input line 135.
 ("C:\Program Files (x86)\MiKTeX 2.9\tex\latex\hyperref\nameref.sty"
Package: nameref 2012/10/27 v2.43 Cross-referencing by name of section

("C:\Program Files (x86)\MiKTeX 2.9\tex\generic\oberdiek\gettitlestring.sty"
Package: gettitlestring 2010/12/03 v1.4 Cleanup title references (HO)
)
\c@section@level=\count165
)
LaTeX Info: Redefining \ref on input line 135.
LaTeX Info: Redefining \pageref on input line 135.
LaTeX Info: Redefining \nameref on input line 135.

("C:\Users\sun\Google Drive\Writing\thesis\Master Thesis副本\thesis (1).out")
("C:\Users\sun\Google Drive\Writing\thesis\Master Thesis副本\thesis (1).out")
\@outlinefile=\write5
Package marginnote Info: \pdfoutput not 0 and \pdflastxpos available.
(marginnote)             Extended position detection mode activated.
Package soulpos Info: Loading soulutf8 on input line 135.
("C:\Program Files (x86)\MiKTeX 2.9\tex\generic\oberdiek\soulutf8.sty"
Package: soulutf8 2007/09/09 v1.0 Permit use of UTF-8 characters in soul (HO)

("C:\Program Files (x86)\MiKTeX 2.9\tex\latex\soul\soul.sty"
Package: soul 2003/11/17 v2.4 letterspacing/underlining (mf)
\SOUL@word=\toks31
\SOUL@lasttoken=\toks32
\SOUL@cmds=\toks33
\SOUL@buffer=\toks34
\SOUL@token=\toks35
\SOUL@spaceskip=\skip71
\SOUL@ttwidth=\dimen123
\SOUL@uldp=\dimen124
\SOUL@ulht=\dimen125
))
("C:\Users\sun\Google Drive\Writing\thesis\Master Thesis副本\title.tex"
Underfull \hbox (badness 10000) in paragraph at lines 54--60

 []

) [1


{C:/ProgramData/MiKTeX/2.9/pdftex/config/pdftex.map}] [2

]
("C:\Users\sun\Google Drive\Writing\thesis\Master Thesis副本\declaration.tex"
[3

]) [4]
("C:\Users\sun\Google Drive\Writing\thesis\Master Thesis副本\acknowledgements
.tex" [5


]) [6]
("C:\Users\sun\Google Drive\Writing\thesis\Master Thesis副本\abstract.tex"
LaTeX Font Info:    Try loading font information for T1+cmtt on input line 6.

("C:\Program Files (x86)\MiKTeX 2.9\tex\latex\base\t1cmtt.fd"
File: t1cmtt.fd 1999/05/25 v2.5h Standard LaTeX font definitions
) [7


]) [8]
("C:\Users\sun\Google Drive\Writing\thesis\Master Thesis副本\thesis (1).toc"
[9


])
\tf@toc=\write6
 ("C:\Users\sun\Google Drive\Writing\thesis\Master Thesis副本\intro.tex"
[10]
Chapter 1.

Underfull \hbox (badness 10000) in paragraph at lines 8--9

 []


LaTeX Warning: Citation `Abbas20143' on page 1 undefined on input line 10.


Underfull \hbox (badness 10000) in paragraph at lines 10--11

 []


Underfull \hbox (badness 10000) in paragraph at lines 12--13

 []

[1

]

LaTeX Warning: Citation `iaifs' on page 2 undefined on input line 14.


LaTeX Warning: Citation `iaifs' on page 2 undefined on input line 14.


LaTeX Warning: Citation `Boyack2008173' on page 2 undefined on input line 14.


LaTeX Warning: Citation `MISLT' on page 2 undefined on input line 14.

[2]

LaTeX Warning: Citation `682181' on page 3 undefined on input line 26.

[3] [4] [5])
("C:\Users\sun\Google Drive\Writing\thesis\Master Thesis副本\relwork.tex"
[6]
Chapter 2.

LaTeX Warning: Citation `iaifs' on page 7 undefined on input line 10.


LaTeX Warning: Citation `MISLT' on page 7 undefined on input line 14.

[7

]

LaTeX Warning: Citation `Boyack2008173' on page 8 undefined on input line 19.


LaTeX Warning: Citation `RePEc:grt:wpegrt:2012-29' on page 8 undefined on input
 line 23.

[8]

LaTeX Warning: Citation `RePEc:eee:respol:v:43:y:2014:i:6:p:941-955' on page 9 
undefined on input line 26.

[9]) ("C:\Users\sun\Google Drive\Writing\thesis\Master Thesis副本\solution.te
x" [10]
Chapter 3.

LaTeX Warning: Citation `RePEc:eee:respol:v:43:y:2014:i:6:p:941-955' on page 11
 undefined on input line 7.

[11

]
Underfull \hbox (badness 10000) in paragraph at lines 10--14

 []

<Patent-inventorUnit.pdf, id=450, 798.985pt x 330.23375pt>
File: Patent-inventorUnit.pdf Graphic file (type pdf)

<use Patent-inventorUnit.pdf>
Package pdftex.def Info: Patent-inventorUnit.pdf used on input line 23.
(pdftex.def)             Requested size: 460.72124pt x 190.42209pt.

Underfull \vbox (badness 3375) has occurred while \output is active []

 [12]

LaTeX Warning: Citation `RePEc:eee:respol:v:43:y:2014:i:6:p:941-955' on page 13
 undefined on input line 26.

<FlowChart.pdf, id=460, 481.8pt x 301.125pt>
File: FlowChart.pdf Graphic file (type pdf)
 <use FlowChart.pdf>
Package pdftex.def Info: FlowChart.pdf used on input line 31.
(pdftex.def)             Requested size: 460.72124pt x 287.96017pt.

Underfull \vbox (badness 10000) has occurred while \output is active []

 [13 <C:/Users/sun/Google Drive/Writing/thesis/Master Thesis副本/Patent-inven
torUnit.pdf>] [14 <C:/Users/sun/Google Drive/Writing/thesis/Master Thesis副本
/FlowChart.pdf>] [15])
("C:\Users\sun\Google Drive\Writing\thesis\Master Thesis副本\impl.tex"
[16]
Chapter 4.

LaTeX Warning: Citation `RePEc:eee:respol:v:43:y:2014:i:6:p:941-955' on page 17
 undefined on input line 6.

[17

]

LaTeX Warning: Citation `RePEc:eee:respol:v:43:y:2014:i:6:p:941-955' on page 18
 undefined on input line 21.


LaTeX Warning: Citation `RePEc:eee:respol:v:43:y:2014:i:6:p:941-955' on page 18
 undefined on input line 21.

[18]
LaTeX Font Info:    Try loading font information for OMS+cmr on input line 42.
 ("C:\Program Files (x86)\MiKTeX 2.9\tex\latex\base\omscmr.fd"
File: omscmr.fd 1999/05/25 v2.5h Standard LaTeX font definitions
)
LaTeX Font Info:    Font shape `OMS/cmr/m/n' in size <12> not available
(Font)              Font shape `OMS/cmsy/m/n' tried instead on input line 42.
 [19]
[20] [21]

LaTeX Warning: Citation `RePEc:eee:respol:v:43:y:2014:i:6:p:941-955' on page 22
 undefined on input line 93.


Underfull \hbox (badness 10000) in paragraph at lines 104--106

 []

[22]
Underfull \hbox (badness 10000) in paragraph at lines 122--124

 []


Underfull \hbox (badness 10000) in paragraph at lines 128--130

 []


Underfull \hbox (badness 10000) in paragraph at lines 132--136

 []

[23] <VectorSpace.pdf, id=610, 290.08376pt x 231.86626pt>
File: VectorSpace.pdf Graphic file (type pdf)

<use VectorSpace.pdf>
Package pdftex.def Info: VectorSpace.pdf used on input line 144.
(pdftex.def)             Requested size: 232.0673pt x 185.49324pt.
 [24 <C:/Users/sun/Google Drive/Writing/thesis/Master Thesis副本/VectorSpace.
pdf>] <sigmoid.png, id=632, 578.16pt x 433.62pt>
File: sigmoid.png Graphic file (type png)

<use sigmoid.png>
Package pdftex.def Info: sigmoid.png used on input line 172.
(pdftex.def)             Requested size: 404.70924pt x 303.53192pt.
 [25]
Underfull \vbox (badness 10000) has occurred while \output is active []

 [26 <C:/Users/sun/Google Drive/Writing/thesis/Master Thesis副本/sigmoid.png 
(PNG copy)>]
Overfull \hbox (6.45078pt too wide) in paragraph at lines 186--193
 [] 
 []

[27] <gradient-descent.png, id=654, 423.38174pt x 220.4235pt>
File: gradient-descent.png Graphic file (type png)

<use gradient-descent.png>
Package pdftex.def Info: gradient-descent.png used on input line 225.
(pdftex.def)             Requested size: 338.70586pt x 176.33902pt.


LaTeX Warning: Citation `gradient-descent' on page 28 undefined on input line 2
26.

[28] <learningRate.pdf, id=661, 575.14874pt x 501.875pt>
File: learningRate.pdf Graphic file (type pdf)

<use learningRate.pdf>
Package pdftex.def Info: learningRate.pdf used on input line 240.
(pdftex.def)             Requested size: 345.0919pt x 301.12732pt.
 [29 <C:/Users/sun/Google Drive/Writing/thesis/Master Thesis副本/gradient-des
cent.png>] [30 <C:/Users/sun/Google Drive/Writing/thesis/Master Thesis副本/le
arningRate.pdf>]
<Transitivity.pdf, id=702, 645.41125pt x 364.36125pt>
File: Transitivity.pdf Graphic file (type pdf)
 <use Transitivity.pdf>
Package pdftex.def Info: Transitivity.pdf used on input line 264.
(pdftex.def)             Requested size: 451.7848pt x 255.05113pt.

[31] <Hierarchical.pdf, id=708, 431.6125pt x 242.9075pt>
File: Hierarchical.pdf Graphic file (type pdf)

<use Hierarchical.pdf>
Package pdftex.def Info: Hierarchical.pdf used on input line 274.
(pdftex.def)             Requested size: 215.80571pt x 121.45345pt.

Underfull \hbox (badness 10000) in paragraph at lines 271--278

 []

[32 <C:/Users/sun/Google Drive/Writing/thesis/Master Thesis副本/Transitivity.
pdf>]
Package hyperref Info: bookmark level for unknown algorithm defaults to 0 on in
put line 280.
 [33 <C:/Users/sun/Google Drive/Writing/thesis/Master Thesis副本/Hierarchical
.pdf>]
Underfull \hbox (badness 10000) in paragraph at lines 317--318

 []

<density-basedClustering.pdf, id=776, 1205.50375pt x 411.5375pt>
File: density-basedClustering.pdf Graphic file (type pdf)

<use density-basedClustering.pdf>
Package pdftex.def Info: density-basedClustering.pdf used on input line 322.
(pdftex.def)             Requested size: 361.65392pt x 123.4622pt.

Underfull \vbox (badness 10000) has occurred while \output is active []

 [34]
<DBSCANPre.pdf, id=781, 1356.06625pt x 565.11125pt>
File: DBSCANPre.pdf Graphic file (type pdf)
 <use DBSCANPre.pdf>
Package pdftex.def Info: DBSCANPre.pdf used on input line 337.
(pdftex.def)             Requested size: 542.41689pt x 226.04048pt.

Overfull \hbox (81.69565pt too wide) in paragraph at lines 337--338
 [][] 
 []


Overfull \hbox (5.75652pt too wide) in paragraph at lines 333--340
\T1/cmr/m/n/12 Here, $\OML/cmm/m/it/12 $ \T1/cmr/m/n/12 rep-re-sents the large
st dis-tance be-tween the neigh-bours and the point $\OML/cmm/m/it/12 q$\T1/cmr
/m/n/12 . $\OML/cmm/m/it/12 distance\OT1/cmr/m/n/12 (\OML/cmm/m/it/12 p; q\OT1/
cmr/m/n/12 )$
 []

[35 <C:/Users/sun/Google Drive/Writing/thesis/Master Thesis副本/density-based
Clustering.pdf>] [36 <C:/Users/sun/Google Drive/Writing/thesis/Master Thesis副
本/DBSCANPre.pdf>] [37]
Underfull \hbox (badness 10000) in paragraph at lines 389--390

 []


LaTeX Warning: Citation `tseng2007text' on page 38 undefined on input line 397.


[38]

LaTeX Warning: Citation `ASTCA' on page 39 undefined on input line 401.


LaTeX Warning: Citation `allison2008convergence' on page 39 undefined on input 
line 404.

<overfittingExample.pdf, id=844, 491.8375pt x 373.395pt>
File: overfittingExample.pdf Graphic file (type pdf)

<use overfittingExample.pdf>
Package pdftex.def Info: overfittingExample.pdf used on input line 409.
(pdftex.def)             Requested size: 295.10477pt x 224.03873pt.

Underfull \vbox (badness 1694) has occurred while \output is active []

 [39]
[40 <C:/Users/sun/Google Drive/Writing/thesis/Master Thesis副本/overfittingEx
ample.pdf>]

LaTeX Warning: Citation `battiti1989accelerated' on page 41 undefined on input 
line 419.

[41] <codeUML.pdf, id=877, 833.1125pt x 1336.995pt>
File: codeUML.pdf Graphic file (type pdf)
 <use codeUML.pdf>
Package pdftex.def Info: codeUML.pdf used on input line 429.
(pdftex.def)             Requested size: 416.55524pt x 668.49586pt.


LaTeX Warning: Float too large for page by 74.32863pt on input line 431.


Underfull \hbox (badness 4954) in paragraph at lines 435--435
[][][]\T1/cmr/m/n/10 Fleming's Database Down-load Link: []$\T1/cmtt/m/n/10.95 h
ttps : / / dataverse . harvard . edu / dataset . xhtml ?$
 []

[42] [43 <C:/Users/sun/Google Drive/Writing/thesis/Master Thesis副本/codeUML.
pdf>]
Underfull \hbox (badness 10000) in paragraph at lines 438--439

 []

[44]
Overfull \hbox (24.21875pt too wide) in paragraph at lines 473--498
 [][] 
 []

[45] <TextExtractor.pdf, id=940, 673.51625pt x 265.99374pt>
File: TextExtractor.pdf Graphic file (type pdf)

<use TextExtractor.pdf>
Package pdftex.def Info: TextExtractor.pdf used on input line 507.
(pdftex.def)             Requested size: 437.78038pt x 172.89388pt.
 <preProcessing.pdf, id=941, 730.73pt x 600.2425pt>
File: preProcessing.pdf Graphic file (type pdf)

<use preProcessing.pdf>
Package pdftex.def Info: preProcessing.pdf used on input line 517.
(pdftex.def)             Requested size: 474.96887pt x 390.153pt.

Overfull \hbox (14.24763pt too wide) in paragraph at lines 517--518
 [][] 
 []

[46 <C:/Users/sun/Google Drive/Writing/thesis/Master Thesis副本/TextExtractor
.pdf>]
Underfull \vbox (badness 10000) has occurred while \output is active []

 [47 <C:/Users/sun/Google Drive/Writing/thesis/Master Thesis副本/preProcessin
g.pdf>]
<logisticRegression.pdf, id=1000, 1178.4025pt x 654.445pt>
File: logisticRegression.pdf Graphic file (type pdf)

<use logisticRegression.pdf>
Package pdftex.def Info: logisticRegression.pdf used on input line 525.
(pdftex.def)             Requested size: 460.72124pt x 255.87163pt.
 [48 <C:/Users/sun/Google Drive/Writing/thesis/Master Thesis副本/logisticRegr
ession.pdf>]
<clusteringPart.pdf, id=1030, 853.1875pt x 478.78876pt>
File: clusteringPart.pdf Graphic file (type pdf)

<use clusteringPart.pdf>
Package pdftex.def Info: clusteringPart.pdf used on input line 533.
(pdftex.def)             Requested size: 460.72124pt x 258.54938pt.
 [49 <C:/Users/sun/Google Drive/Writing/thesis/Master Thesis副本/clusteringPa
rt.pdf>]
<publicationMatching.pdf, id=1060, 582.175pt x 600.2425pt>
File: publicationMatching.pdf Graphic file (type pdf)

<use publicationMatching.pdf>
Package pdftex.def Info: publicationMatching.pdf used on input line 548.
(pdftex.def)             Requested size: 460.72124pt x 475.02899pt.
 [50] [51 <C:/Users/sun/Google Drive/Writing/thesis/Master Thesis副本/publica
tionMatching.pdf>]
<evaluation.pdf, id=1095, 1188.44pt x 418.56375pt>
File: evaluation.pdf Graphic file (type pdf)
 <use evaluation.pdf>
Package pdftex.def Info: evaluation.pdf used on input line 558.
(pdftex.def)             Requested size: 460.72124pt x 162.26202pt.
)
("C:\Users\sun\Google Drive\Writing\thesis\Master Thesis副本\eval.tex"
[52 <C:/Users/sun/Google Drive/Writing/thesis/Master Thesis副本/evaluation.pd
f>]
Chapter 5.

LaTeX Warning: Citation `RePEc:eee:respol:v:43:y:2014:i:6:p:941-955' on page 53
 undefined on input line 6.


Underfull \vbox (badness 10000) has occurred while \output is active []

 [53

]

LaTeX Warning: Citation `RePEc:eee:respol:v:43:y:2014:i:6:p:941-955' on page 54
 undefined on input line 40.

[54]
Underfull \hbox (badness 10000) in paragraph at lines 46--48

 []


Underfull \hbox (badness 10000) in paragraph at lines 49--50

 []

[55] <CVHi.pdf, id=1144, 2007.5pt x 1053.9375pt>
File: CVHi.pdf Graphic file (type pdf)
 <use CVHi.pdf>
Package pdftex.def Info: CVHi.pdf used on input line 53.
(pdftex.def)             Requested size: 461.71529pt x 242.40053pt.

Overfull \hbox (0.99405pt too wide) in paragraph at lines 53--54
 [][] 
 []

<CVDB.pdf, id=1145, 2007.5pt x 1053.9375pt>
File: CVDB.pdf Graphic file (type pdf)
 <use CVDB.pdf>
Package pdftex.def Info: CVDB.pdf used on input line 58.
(pdftex.def)             Requested size: 461.71529pt x 242.40053pt.

Overfull \hbox (0.99405pt too wide) in paragraph at lines 58--59
 [][] 
 []

<parameters.png, id=1146, 578.16pt x 433.62pt>
File: parameters.png Graphic file (type png)
 <use parameters.png>
Package pdftex.def Info: parameters.png used on input line 65.
(pdftex.def)             Requested size: 289.07928pt x 216.80946pt.

Underfull \hbox (badness 10000) in paragraph at lines 73--74

 []

[56 <C:/Users/sun/Google Drive/Writing/thesis/Master Thesis副本/CVHi.pdf>]
[57 <C:/Users/sun/Google Drive/Writing/thesis/Master Thesis副本/CVDB.pdf> <C:
/Users/sun/Google Drive/Writing/thesis/Master Thesis副本/parameters.png (PNG 
copy)>]
Underfull \hbox (badness 10000) in paragraph at lines 75--76

 []

<DBSCANT.pdf, id=1180, 2007.5pt x 1053.9375pt>
File: DBSCANT.pdf Graphic file (type pdf)
 <use DBSCANT.pdf>
Package pdftex.def Info: DBSCANT.pdf used on input line 94.
(pdftex.def)             Requested size: 401.49289pt x 210.78377pt.
 [58 <C:/Users/sun/Google Drive/Writing/thesis/Master Thesis副本/DBSCANT.pdf>
]
Underfull \hbox (badness 10000) in paragraph at lines 113--114

 []

<DBTest.pdf, id=1197, 2007.5pt x 1053.9375pt>
File: DBTest.pdf Graphic file (type pdf)
 <use DBTest.pdf>
Package pdftex.def Info: DBTest.pdf used on input line 119.
(pdftex.def)             Requested size: 461.71529pt x 242.40053pt.

Overfull \hbox (0.99405pt too wide) in paragraph at lines 119--120
 [][] 
 []

<HITest.pdf, id=1198, 2007.5pt x 1053.9375pt>
File: HITest.pdf Graphic file (type pdf)
 <use HITest.pdf>
Package pdftex.def Info: HITest.pdf used on input line 124.
(pdftex.def)             Requested size: 461.71529pt x 242.40053pt.

Overfull \hbox (0.99405pt too wide) in paragraph at lines 124--125
 [][] 
 []

[59] [60 <C:/Users/sun/Google Drive/Writing/thesis/Master Thesis副本/DBTest.p
df> <C:/Users/sun/Google Drive/Writing/thesis/Master Thesis副本/HITest.pdf>]
[61]) ("C:\Users\sun\Google Drive\Writing\thesis\Master Thesis副本\concl.tex"
[62]
Chapter 6.

Underfull \hbox (badness 10000) in paragraph at lines 4--6

 []

[63

]) ("C:\Users\sun\Google Drive\Writing\thesis\Master Thesis副本\biblio.tex"
No file thesis*(1).bbl.
)
Package atveryend Info: Empty hook `BeforeClearDocument' on input line 214.
 [64]
Package atveryend Info: Empty hook `AfterLastShipout' on input line 214.

("C:\Users\sun\Google Drive\Writing\thesis\Master Thesis副本\thesis (1).aux"
("C:\Users\sun\Google Drive\Writing\thesis\Master Thesis副本\title.aux")
("C:\Users\sun\Google Drive\Writing\thesis\Master Thesis副本\declaration.aux"
)
("C:\Users\sun\Google Drive\Writing\thesis\Master Thesis副本\acknowledgements
.aux")
("C:\Users\sun\Google Drive\Writing\thesis\Master Thesis副本\abstract.aux")
* soulpos - computing points - it may take a few seconds *
("C:\Users\sun\Google Drive\Writing\thesis\Master Thesis副本\thesis (1).upa")
)
Package atveryend Info: Executing hook `AtVeryEndDocument' on input line 214.
Package atveryend Info: Executing hook `AtEndAfterFileList' on input line 214.
Package rerunfilecheck Info: File `thesis*(1).out' has not changed.
(rerunfilecheck)             Checksum: <no file>.


LaTeX Warning: There were undefined references.

 ) 
Here is how much of TeX's memory you used:
 10118 strings out of 493921
 160779 string characters out of 3144883
 258600 words of memory out of 3000000
 12950 multiletter control sequences out of 15000+200000
 23709 words of font info for 53 fonts, out of 3000000 for 9000
 841 hyphenation exceptions out of 8191
 35i,11n,43p,3222b,566s stack positions out of 5000i,500n,10000p,200000b,50000s
 <C:\Users\sun\AppData\Local\MiKTeX\2.9\fonts\pk\ljfour\jknappen\ec\dpi600\ec
ti0800.pk> <C:\Users\sun\AppData\Local\MiKTeX\2.9\fonts\pk\ljfour\jknappen\ec\d
pi600\ecbx0800.pk> <C:\Users\sun\AppData\Local\MiKTeX\2.9\fonts\pk\ljfour\jknap
pen\ec\dpi600\ecti1200.pk> <C:\Users\sun\AppData\Local\MiKTeX\2.9\fonts\pk\ljfo
ur\jknappen\ec\dpi600\ecbx1440.pk> <C:\Users\sun\AppData\Local\MiKTeX\2.9\fonts
\pk\ljfour\jknappen\ec\dpi600\ecsl1200.pk> <C:\Users\sun\AppData\Local\MiKTeX\2
.9\fonts\pk\ljfour\jknappen\ec\dpi600\ecbx1200.pk> <C:\Users\sun\AppData\Local\
MiKTeX\2.9\fonts\pk\ljfour\jknappen\ec\dpi600\ecbx2488.pk> <C:\Users\sun\AppDat
a\Local\MiKTeX\2.9\fonts\pk\ljfour\jknappen\ec\dpi600\ecti1000.pk> <C:\Users\su
n\AppData\Local\MiKTeX\2.9\fonts\pk\ljfour\jknappen\ec\dpi600\ectt1095.pk> <C:\
Users\sun\AppData\Local\MiKTeX\2.9\fonts\pk\ljfour\jknappen\ec\dpi600\ecrm1000.
pk> <C:\Users\sun\AppData\Local\MiKTeX\2.9\fonts\pk\ljfour\jknappen\ec\dpi600\e
crm0700.pk> <C:\Users\sun\AppData\Local\MiKTeX\2.9\fonts\pk\ljfour\jknappen\ec\
dpi600\ecrm0800.pk> <C:\Users\sun\AppData\Local\MiKTeX\2.9\fonts\pk\ljfour\jkna
ppen\ec\dpi600\ecrm1440.pk> <C:\Users\sun\AppData\Local\MiKTeX\2.9\fonts\pk\ljf
our\jknappen\ec\dpi600\ecbx1728.pk> <C:\Users\sun\AppData\Local\MiKTeX\2.9\font
s\pk\ljfour\jknappen\ec\dpi600\ecrm1200.pk><C:/Program Files (x86)/MiKTeX 2.9/f
onts/type1/public/amsfonts/cm/cmex10.pfb><C:/Program Files (x86)/MiKTeX 2.9/fon
ts/type1/public/amsfonts/cm/cmmi12.pfb><C:/Program Files (x86)/MiKTeX 2.9/fonts
/type1/public/amsfonts/cm/cmmi6.pfb><C:/Program Files (x86)/MiKTeX 2.9/fonts/ty
pe1/public/amsfonts/cm/cmmi8.pfb><C:/Program Files (x86)/MiKTeX 2.9/fonts/type1
/public/amsfonts/cm/cmr12.pfb><C:/Program Files (x86)/MiKTeX 2.9/fonts/type1/pu
blic/amsfonts/cm/cmr8.pfb><C:/Program Files (x86)/MiKTeX 2.9/fonts/type1/public
/amsfonts/cm/cmsy10.pfb><C:/Program Files (x86)/MiKTeX 2.9/fonts/type1/public/a
msfonts/cm/cmsy8.pfb>
Output written on "thesis (1).pdf" (74 pages, 3232154 bytes).
PDF statistics:
 1920 PDF objects out of 2073 (max. 8388607)
 230 named destinations out of 1000 (max. 500000)
 649 words of extra memory for PDF output out of 10000 (max. 10000000)

