\BOOKMARK [0][-]{chapter.1}{Introduction}{}% 1
\BOOKMARK [1][-]{section.1.1}{Background}{chapter.1}% 2
\BOOKMARK [1][-]{section.1.2}{Project}{chapter.1}% 3
\BOOKMARK [1][-]{section.1.3}{Goal}{chapter.1}% 4
\BOOKMARK [1][-]{section.1.4}{Outline}{chapter.1}% 5
\BOOKMARK [0][-]{chapter.2}{Related Work}{}% 6
\BOOKMARK [1][-]{section.2.1}{Inventor Disambiguation}{chapter.2}% 7
\BOOKMARK [1][-]{section.2.2}{Identifying author-inventors from Spain}{chapter.2}% 8
\BOOKMARK [1][-]{section.2.3}{Text-Mining Approach}{chapter.2}% 9
\BOOKMARK [1][-]{section.2.4}{Inventor-Author Matching by rare name}{chapter.2}% 10
\BOOKMARK [1][-]{section.2.5}{Felmmening'a Inventor Disambiguation}{chapter.2}% 11
\BOOKMARK [1][-]{section.2.6}{PatentsView Inventor Disambiguation Workshop}{chapter.2}% 12
\BOOKMARK [0][-]{chapter.3}{Solution}{}% 13
\BOOKMARK [1][-]{section.3.1}{Basic Idea}{chapter.3}% 14
\BOOKMARK [1][-]{section.3.2}{Patent-inventor Unit Data Structure}{chapter.3}% 15
\BOOKMARK [1][-]{section.3.3}{Approach Structure}{chapter.3}% 16
\BOOKMARK [0][-]{chapter.4}{Implementation}{}% 17
\BOOKMARK [1][-]{section.4.1}{Feature Selection}{chapter.4}% 18
\BOOKMARK [2][-]{subsection.4.1.1}{Names of the Inventors}{section.4.1}% 19
\BOOKMARK [2][-]{subsection.4.1.2}{Assignee of the patent}{section.4.1}% 20
\BOOKMARK [2][-]{subsection.4.1.3}{Location of the Inventor}{section.4.1}% 21
\BOOKMARK [2][-]{subsection.4.1.4}{Technology Class}{section.4.1}% 22
\BOOKMARK [2][-]{subsection.4.1.5}{Co-inventors}{section.4.1}% 23
\BOOKMARK [2][-]{subsection.4.1.6}{Text of the Patent Information}{section.4.1}% 24
\BOOKMARK [1][-]{section.4.2}{Similarity Calculation}{chapter.4}% 25
\BOOKMARK [2][-]{subsection.4.2.1}{String Similarity Calculation}{section.4.2}% 26
\BOOKMARK [2][-]{subsection.4.2.2}{Assignee Similarity Calculation}{section.4.2}% 27
\BOOKMARK [2][-]{subsection.4.2.3}{Location Similarity Calculation}{section.4.2}% 28
\BOOKMARK [2][-]{subsection.4.2.4}{Technology Class Similarity Calculation}{section.4.2}% 29
\BOOKMARK [2][-]{subsection.4.2.5}{Co-inventors Similarity Calculation}{section.4.2}% 30
\BOOKMARK [2][-]{subsection.4.2.6}{Text Similarity Calculation}{section.4.2}% 31
\BOOKMARK [1][-]{section.4.3}{Logistic Regression}{chapter.4}% 32
\BOOKMARK [2][-]{subsection.4.3.1}{Logistic Regression}{section.4.3}% 33
\BOOKMARK [2][-]{subsection.4.3.2}{Training Data Generation}{section.4.3}% 34
\BOOKMARK [2][-]{subsection.4.3.3}{Gradient-Based Training}{section.4.3}% 35
\BOOKMARK [1][-]{section.4.4}{Clustering Algorithm}{chapter.4}% 36
\BOOKMARK [2][-]{subsection.4.4.1}{Transitivity}{section.4.4}% 37
\BOOKMARK [2][-]{subsection.4.4.2}{Agglomerative Hierarchical Clustering}{section.4.4}% 38
\BOOKMARK [2][-]{subsection.4.4.3}{Density-based Spatial Clustering of Applications with Noise}{section.4.4}% 39
\BOOKMARK [1][-]{section.4.5}{Patent-Publication Matching}{chapter.4}% 40
\BOOKMARK [1][-]{section.4.6}{Practical Issues}{chapter.4}% 41
\BOOKMARK [2][-]{subsection.4.6.1}{Latent Semantic Indexing\(LSI\)}{section.4.6}% 42
\BOOKMARK [2][-]{subsection.4.6.2}{Initial Values}{section.4.6}% 43
\BOOKMARK [2][-]{subsection.4.6.3}{"Stop-Early" Technique}{section.4.6}% 44
\BOOKMARK [2][-]{subsection.4.6.4}{Bold Driver Technique}{section.4.6}% 45
\BOOKMARK [2][-]{subsection.4.6.5}{Europe PMC}{section.4.6}% 46
\BOOKMARK [1][-]{section.4.7}{"Invdenti" Java Project Description}{chapter.4}% 47
\BOOKMARK [2][-]{subsection.4.7.1}{Basic Structure of the Java Project}{section.4.7}% 48
\BOOKMARK [2][-]{subsection.4.7.2}{Development Environment and ToolKits}{section.4.7}% 49
\BOOKMARK [2][-]{subsection.4.7.3}{Configuration File}{section.4.7}% 50
\BOOKMARK [2][-]{subsection.4.7.4}{Text Extractor}{section.4.7}% 51
\BOOKMARK [2][-]{subsection.4.7.5}{Preprocessing}{section.4.7}% 52
\BOOKMARK [2][-]{subsection.4.7.6}{Logistic Regression}{section.4.7}% 53
\BOOKMARK [2][-]{subsection.4.7.7}{Clustering}{section.4.7}% 54
\BOOKMARK [2][-]{subsection.4.7.8}{Patent-Publication Matching}{section.4.7}% 55
\BOOKMARK [2][-]{subsection.4.7.9}{Evaluation}{section.4.7}% 56
\BOOKMARK [0][-]{chapter.5}{Evaluation}{}% 57
\BOOKMARK [1][-]{section.5.1}{Dataset}{chapter.5}% 58
\BOOKMARK [1][-]{section.5.2}{Measurement}{chapter.5}% 59
\BOOKMARK [1][-]{section.5.3}{Evaluation}{chapter.5}% 60
\BOOKMARK [2][-]{subsection.5.3.1}{Cross Validation for Logistic Regression}{section.5.3}% 61
\BOOKMARK [2][-]{subsection.5.3.2}{Transitivity Effect}{section.5.3}% 62
\BOOKMARK [2][-]{subsection.5.3.3}{Clustering for Testing Dataset}{section.5.3}% 63
\BOOKMARK [2][-]{subsection.5.3.4}{Comparison with the Flemming's approach}{section.5.3}% 64
\BOOKMARK [2][-]{subsection.5.3.5}{Publication-Patent Matching}{section.5.3}% 65
\BOOKMARK [0][-]{chapter.6}{Conclusion}{}% 66
